1648741021994	geckodriver	INFO	Listening on 127.0.0.1:56850
1648741025057	mozrunner::runner	INFO	Running command: "C:\\Program Files\\Mozilla Firefox\\firefox.exe" "--marionette" "--remote-debugging-port" "56851" "-no-remote" "-profile" "C:\\Users\\bezie\\AppData\\Local\\Temp\\rust_mozprofileW8lQU2"
1648741025294	Marionette	INFO	Marionette enabled
console.warn: SearchSettings: "get: No settings file exists, new profile?" (new NotFoundError("Could not open the file at C:\\Users\\bezie\\AppData\\Local\\Temp\\rust_mozprofileW8lQU2\\search.json.mozlz4", (void 0)))
DevTools listening on ws://localhost:56851/devtools/browser/bdf6f20f-823d-48f0-ae09-679ed4adcbd2
1648741026798	Marionette	INFO	Listening on port 56856
1648741027090	RemoteAgent	WARN	TLS certificate errors will be ignored for this session
1648741029159	Marionette	INFO	Stopped listening on port 56856
console.error: Region.jsm: "Error fetching region" (new TypeError("NetworkError when attempting to fetch resource.", ""))
console.error: Region.jsm: "Failed to fetch region" (new Error("NO_RESULT", "resource://gre/modules/Region.jsm", 419))
console.warn: TopSitesFeed: Failed to fetch data from Contile server: NetworkError when attempting to fetch resource.
console.warn: TopSitesFeed: Failed to fetch data from Contile server: NetworkError when attempting to fetch resource.
1648741037838	geckodriver	INFO	Listening on 127.0.0.1:56910
1648741040902	mozrunner::runner	INFO	Running command: "C:\\Program Files\\Mozilla Firefox\\firefox.exe" "--marionette" "--remote-debugging-port" "56911" "-no-remote" "-profile" "C:\\Users\\bezie\\AppData\\Local\\Temp\\rust_mozprofile3zZmwH"
1648741041144	Marionette	INFO	Marionette enabled
console.warn: SearchSettings: "get: No settings file exists, new profile?" (new NotFoundError("Could not open the file at C:\\Users\\bezie\\AppData\\Local\\Temp\\rust_mozprofile3zZmwH\\search.json.mozlz4", (void 0)))
DevTools listening on ws://localhost:56911/devtools/browser/633ae248-4716-4e75-9303-bd7ed9b0b323
1648741042493	Marionette	INFO	Listening on port 56919
1648741042931	RemoteAgent	WARN	TLS certificate errors will be ignored for this session
1648741045406	Marionette	INFO	Stopped listening on port 56919
console.warn: TopSitesFeed: Failed to fetch data from Contile server: NetworkError when attempting to fetch resource.
1648741057922	geckodriver	INFO	Listening on 127.0.0.1:56986
1648741061718	mozrunner::runner	INFO	Running command: "C:\\\\Users\\\\bezie\\\\Desktop\\\\Tor Browser\\\\Browser\\\\firefox.exe" "--marionette" "--remote-debugging-port" "56987" "-no-remote" "-profile" "C:\\Users\\bezie\\AppData\\Local\\Temp\\rust_mozprofileTcUsp8"
console.log: "TorSettings: loadFromPrefs()"
console.log: "TorConnect: Init"
console.log: "TorConnect: observed profile-after-change"
console.log: "TorConnect: observing topic 'TorBootstrapStatus'"
console.log: "TorConnect: observing topic 'TorBootstrapError'"
console.log: "TorConnect: observing topic 'TorProcessExited'"
console.log: "TorConnect: observing topic 'TorLogHasWarnOrErr'"
console.log: "TorConnect: observing topic 'torsettings:ready'"
console.log: "TorSettings: observed profile-after-change"
1648741062016	Marionette	INFO	Marionette enabled
console.log: "TorConnect: will load after bootstrap => [about:blank]"
console.error: "Could not load engine blockchair-onion@search.mozilla.org: Error: Extension is invalid"
JavaScript error: resource://gre/modules/XULStore.jsm, line 66: Error: Can't find profile directory.
DevTools listening on ws://localhost:56987/devtools/browser/4327fc38-6156-46ee-bc5a-777b69a5ae00
1648741063026	Marionette	INFO	Listening on port 56992
1648741063255	RemoteAgent	WARN	TLS certificate errors will be ignored for this session
1648741064461	Marionette	INFO	Stopped listening on port 56992
JavaScript error: resource:///modules/Interactions.jsm, line 209: NS_ERROR_FAILURE: Component returned failure code: 0x80004005 (NS_ERROR_FAILURE) [nsIUserIdleService.removeIdleObserver]
!!! error running onStopped callback: TypeError: callback is not a function
1648741064729	RemoteAgent	ERROR	unable to stop listener: [Exception... "Component returned failure code: 0x8000ffff (NS_ERROR_UNEXPECTED) [nsIWindowMediator.getEnumerator]"  nsresult: "0x8000ffff (NS_ERROR_UNEXPECTED)"  location: "JS frame :: chrome://remote/content/cdp/observers/TargetObserver.jsm :: stop :: line 64"  data: no] Stack trace: stop()@TargetObserver.jsm:64
unwatchForTabs()@TargetList.jsm:70
unwatchForTargets()@TargetList.jsm:37
destructor()@TargetList.jsm:109
stop()@CDP.jsm:104
close()@RemoteAgent.jsm:138
1648741084730	geckodriver	INFO	Listening on 127.0.0.1:57016
1648741088508	mozrunner::runner	INFO	Running command: "C:\\\\Users\\\\bezie\\\\Desktop\\\\Tor Browser\\\\Browser\\\\firefox.exe" "--marionette" "--remote-debugging-port" "57017" "-no-remote" "-profile" "C:\\Users\\bezie\\AppData\\Local\\Temp\\rust_mozprofilegFfle3"
console.log: "TorSettings: loadFromPrefs()"
console.log: "TorConnect: Init"
console.log: "TorConnect: observed profile-after-change"
console.log: "TorConnect: observing topic 'TorBootstrapStatus'"
console.log: "TorConnect: observing topic 'TorBootstrapError'"
console.log: "TorConnect: observing topic 'TorProcessExited'"
console.log: "TorConnect: observing topic 'TorLogHasWarnOrErr'"
console.log: "TorConnect: observing topic 'torsettings:ready'"
console.log: "TorSettings: observed profile-after-change"
1648741088782	Marionette	INFO	Marionette enabled
console.log: "TorConnect: will load after bootstrap => [about:blank]"
console.error: "Could not load engine blockchair-onion@search.mozilla.org: Error: Extension is invalid"
JavaScript error: resource://gre/modules/XULStore.jsm, line 66: Error: Can't find profile directory.
DevTools listening on ws://localhost:57017/devtools/browser/97edfc91-4c38-4e63-b972-9592abc8fbcf
1648741089752	Marionette	INFO	Listening on port 57026
1648741090043	RemoteAgent	WARN	TLS certificate errors will be ignored for this session
1648741096702	Marionette	INFO	Stopped listening on port 57026
JavaScript error: resource:///modules/Interactions.jsm, line 209: NS_ERROR_FAILURE: Component returned failure code: 0x80004005 (NS_ERROR_FAILURE) [nsIUserIdleService.removeIdleObserver]
JavaScript error: chrome://remote/content/marionette/cert.js, line 55: NS_ERROR_NOT_AVAILABLE: Component returned failure code: 0x80040111 (NS_ERROR_NOT_AVAILABLE) [nsICertOverrideService.setDisableAllSecurityChecksAndLetAttackersInterceptMyData]
!!! error running onStopped callback: TypeError: callback is not a function

###!!! [Parent][RunMessage] Error: Channel closing: too late to send/recv, messages will be lost

1648741096947	RemoteAgent	ERROR	unable to stop listener: [Exception... "Component returned failure code: 0x8000ffff (NS_ERROR_UNEXPECTED) [nsIWindowMediator.getEnumerator]"  nsresult: "0x8000ffff (NS_ERROR_UNEXPECTED)"  location: "JS frame :: chrome://remote/content/cdp/observers/TargetObserver.jsm :: stop :: line 64"  data: no] Stack trace: stop()@TargetObserver.jsm:64
unwatchForTabs()@TargetList.jsm:70
unwatchForTargets()@TargetList.jsm:37
destructor()@TargetList.jsm:109
stop()@CDP.jsm:104
close()@RemoteAgent.jsm:138
1648741151320	geckodriver	INFO	Listening on 127.0.0.1:57061
1648741155090	mozrunner::runner	INFO	Running command: "C:\\\\Users\\\\bezie\\\\Desktop\\\\Tor Browser\\\\Browser\\\\firefox.exe" "--marionette" "--remote-debugging-port" "57062" "-no-remote" "-profile" "C:\\Users\\bezie\\AppData\\Local\\Temp\\rust_mozprofile5JkPCo"
console.log: "TorSettings: loadFromPrefs()"
console.log: "TorConnect: Init"
console.log: "TorConnect: observed profile-after-change"
console.log: "TorConnect: observing topic 'TorBootstrapStatus'"
console.log: "TorConnect: observing topic 'TorBootstrapError'"
console.log: "TorConnect: observing topic 'TorProcessExited'"
console.log: "TorConnect: observing topic 'TorLogHasWarnOrErr'"
console.log: "TorConnect: observing topic 'torsettings:ready'"
console.log: "TorSettings: observed profile-after-change"
1648741155363	Marionette	INFO	Marionette enabled
console.log: "TorConnect: will load after bootstrap => [about:blank]"
console.error: "Could not load engine blockchair-onion@search.mozilla.org: Error: Extension is invalid"
JavaScript error: resource://gre/modules/XULStore.jsm, line 66: Error: Can't find profile directory.
DevTools listening on ws://localhost:57062/devtools/browser/ac580c80-3a65-4d90-9ca5-8999a4d26e06
1648741156317	Marionette	INFO	Listening on port 57069
1648741156623	RemoteAgent	WARN	TLS certificate errors will be ignored for this session
1648741161221	Marionette	INFO	Stopped listening on port 57069
JavaScript error: resource:///modules/Interactions.jsm, line 209: NS_ERROR_FAILURE: Component returned failure code: 0x80004005 (NS_ERROR_FAILURE) [nsIUserIdleService.removeIdleObserver]
JavaScript error: chrome://remote/content/marionette/cert.js, line 55: NS_ERROR_NOT_AVAILABLE: Component returned failure code: 0x80040111 (NS_ERROR_NOT_AVAILABLE) [nsICertOverrideService.setDisableAllSecurityChecksAndLetAttackersInterceptMyData]
!!! error running onStopped callback: TypeError: callback is not a function

###!!! [Parent][RunMessage] Error: Channel closing: too late to send/recv, messages will be lost

1648741161453	RemoteAgent	ERROR	unable to stop listener: [Exception... "Component returned failure code: 0x8000ffff (NS_ERROR_UNEXPECTED) [nsIWindowMediator.getEnumerator]"  nsresult: "0x8000ffff (NS_ERROR_UNEXPECTED)"  location: "JS frame :: chrome://remote/content/cdp/observers/TargetObserver.jsm :: stop :: line 64"  data: no] Stack trace: stop()@TargetObserver.jsm:64
unwatchForTabs()@TargetList.jsm:70
unwatchForTargets()@TargetList.jsm:37
destructor()@TargetList.jsm:109
stop()@CDP.jsm:104
close()@RemoteAgent.jsm:138
