1648741170431	geckodriver	INFO	Listening on 127.0.0.1:57097
1648741174192	mozrunner::runner	INFO	Running command: "C:\\\\Users\\\\bezie\\\\Desktop\\\\Tor Browser\\\\Browser\\\\firefox.exe" "--marionette" "--remote-debugging-port" "57098" "-no-remote" "-profile" "C:\\Users\\bezie\\AppData\\Local\\Temp\\rust_mozprofileyTQ1eT"
console.log: "TorSettings: loadFromPrefs()"
console.log: "TorConnect: Init"
console.log: "TorConnect: observed profile-after-change"
console.log: "TorConnect: observing topic 'TorBootstrapStatus'"
console.log: "TorConnect: observing topic 'TorBootstrapError'"
console.log: "TorConnect: observing topic 'TorProcessExited'"
console.log: "TorConnect: observing topic 'TorLogHasWarnOrErr'"
console.log: "TorConnect: observing topic 'torsettings:ready'"
console.log: "TorSettings: observed profile-after-change"
1648741174468	Marionette	INFO	Marionette enabled
console.log: "TorConnect: will load after bootstrap => [about:blank]"
console.error: "Could not load engine blockchair-onion@search.mozilla.org: Error: Extension is invalid"
JavaScript error: resource://gre/modules/XULStore.jsm, line 66: Error: Can't find profile directory.
JavaScript error: resource://gre/modules/ExtensionContent.jsm, line 575: TypeError: PrecompiledScript.executeInGlobal: Argument 1 is not an object.
DevTools listening on ws://localhost:57098/devtools/browser/3297b5f6-60a3-4e2e-b46b-d58a14721953
1648741175524	Marionette	INFO	Listening on port 57103
1648741175733	RemoteAgent	WARN	TLS certificate errors will be ignored for this session
JavaScript error: resource://gre/modules/XPCOMUtils.jsm, line 161: TypeError: Cc[aContract] is undefined
JavaScript error: , line 0: TypeError: NetworkError when attempting to fetch resource.
1648741220581	Marionette	INFO	Stopped listening on port 57103
JavaScript error: resource:///modules/Interactions.jsm, line 209: NS_ERROR_FAILURE: Component returned failure code: 0x80004005 (NS_ERROR_FAILURE) [nsIUserIdleService.removeIdleObserver]
JavaScript error: , line 0: AbortError: Actor 'Conduits' destroyed before query 'RunListener' was resolved
!!! error running onStopped callback: TypeError: callback is not a function

###!!! [Parent][RunMessage] Error: Channel closing: too late to send/recv, messages will be lost

1648741220827	RemoteAgent	ERROR	unable to stop listener: [Exception... "Component returned failure code: 0x8000ffff (NS_ERROR_UNEXPECTED) [nsIWindowMediator.getEnumerator]"  nsresult: "0x8000ffff (NS_ERROR_UNEXPECTED)"  location: "JS frame :: chrome://remote/content/cdp/observers/TargetObserver.jsm :: stop :: line 64"  data: no] Stack trace: stop()@TargetObserver.jsm:64
unwatchForTabs()@TargetList.jsm:70
unwatchForTargets()@TargetList.jsm:37
destructor()@TargetList.jsm:109
stop()@CDP.jsm:104
close()@RemoteAgent.jsm:138
1648741324442	geckodriver	INFO	Listening on 127.0.0.1:57326
1648741328246	mozrunner::runner	INFO	Running command: "C:\\\\Users\\\\bezie\\\\Desktop\\\\Tor Browser\\\\Browser\\\\firefox.exe" "--marionette" "--remote-debugging-port" "57327" "-no-remote" "-profile" "C:\\Users\\bezie\\AppData\\Local\\Temp\\rust_mozprofilexBWzSC"
console.log: "TorSettings: loadFromPrefs()"
console.log: "TorConnect: Init"
console.log: "TorConnect: observed profile-after-change"
console.log: "TorConnect: observing topic 'TorBootstrapStatus'"
console.log: "TorConnect: observing topic 'TorBootstrapError'"
console.log: "TorConnect: observing topic 'TorProcessExited'"
console.log: "TorConnect: observing topic 'TorLogHasWarnOrErr'"
console.log: "TorConnect: observing topic 'torsettings:ready'"
console.log: "TorSettings: observed profile-after-change"
1648741329045	Marionette	INFO	Marionette enabled
console.log: "TorConnect: will load after bootstrap => [about:blank]"
console.error: "Could not load engine blockchair-onion@search.mozilla.org: Error: Extension is invalid"
JavaScript error: resource://gre/modules/XULStore.jsm, line 66: Error: Can't find profile directory.
JavaScript error: resource://gre/modules/XPCOMUtils.jsm, line 161: TypeError: Cc[aContract] is undefined
DevTools listening on ws://localhost:57327/devtools/browser/012d65e8-fa41-4f17-ab75-84136659dfbe
1648741330168	Marionette	INFO	Listening on port 57334
1648741330307	RemoteAgent	WARN	TLS certificate errors will be ignored for this session
1648741340290	Marionette	INFO	Stopped listening on port 57334
JavaScript error: resource:///modules/Interactions.jsm, line 209: NS_ERROR_FAILURE: Component returned failure code: 0x80004005 (NS_ERROR_FAILURE) [nsIUserIdleService.removeIdleObserver]

###!!! [Child][MessageChannel] Error: (msgtype=0x690023,name=PNecko::Msg_RemoveRequestContext) Channel closing: too late to send/recv, messages will be lost

JavaScript error: chrome://remote/content/marionette/cert.js, line 55: NS_ERROR_NOT_AVAILABLE: Component returned failure code: 0x80040111 (NS_ERROR_NOT_AVAILABLE) [nsICertOverrideService.setDisableAllSecurityChecksAndLetAttackersInterceptMyData]
!!! error running onStopped callback: TypeError: callback is not a function
1648741340513	RemoteAgent	ERROR	unable to stop listener: [Exception... "Component returned failure code: 0x8000ffff (NS_ERROR_UNEXPECTED) [nsIWindowMediator.getEnumerator]"  nsresult: "0x8000ffff (NS_ERROR_UNEXPECTED)"  location: "JS frame :: chrome://remote/content/cdp/observers/TargetObserver.jsm :: stop :: line 64"  data: no] Stack trace: stop()@TargetObserver.jsm:64
unwatchForTabs()@TargetList.jsm:70
unwatchForTargets()@TargetList.jsm:37
destructor()@TargetList.jsm:109
stop()@CDP.jsm:104
close()@RemoteAgent.jsm:138
1648741342832	geckodriver	INFO	Listening on 127.0.0.1:57364
1648741346642	mozrunner::runner	INFO	Running command: "C:\\\\Users\\\\bezie\\\\Desktop\\\\Tor Browser\\\\Browser\\\\firefox.exe" "--marionette" "--remote-debugging-port" "57365" "-no-remote" "-profile" "C:\\Users\\bezie\\AppData\\Local\\Temp\\rust_mozprofileh3WIad"
console.log: "TorSettings: loadFromPrefs()"
console.log: "TorConnect: Init"
console.log: "TorConnect: observed profile-after-change"
console.log: "TorConnect: observing topic 'TorBootstrapStatus'"
console.log: "TorConnect: observing topic 'TorBootstrapError'"
console.log: "TorConnect: observing topic 'TorProcessExited'"
console.log: "TorConnect: observing topic 'TorLogHasWarnOrErr'"
console.log: "TorConnect: observing topic 'torsettings:ready'"
console.log: "TorSettings: observed profile-after-change"
1648741346910	Marionette	INFO	Marionette enabled
console.log: "TorConnect: will load after bootstrap => [about:blank]"
console.error: "Could not load engine blockchair-onion@search.mozilla.org: Error: Extension is invalid"
JavaScript error: resource://gre/modules/XULStore.jsm, line 66: Error: Can't find profile directory.
JavaScript error: resource://gre/modules/XPCOMUtils.jsm, line 161: TypeError: Cc[aContract] is undefined
DevTools listening on ws://localhost:57365/devtools/browser/89c74cbd-80c3-424d-accb-5c5fc43e8e36
1648741347910	Marionette	INFO	Listening on port 57370
1648741348185	RemoteAgent	WARN	TLS certificate errors will be ignored for this session
1648741364000	Marionette	INFO	Stopped listening on port 57370
JavaScript error: resource:///modules/Interactions.jsm, line 209: NS_ERROR_FAILURE: Component returned failure code: 0x80004005 (NS_ERROR_FAILURE) [nsIUserIdleService.removeIdleObserver]
JavaScript error: chrome://remote/content/marionette/cert.js, line 55: NS_ERROR_NOT_AVAILABLE: Component returned failure code: 0x80040111 (NS_ERROR_NOT_AVAILABLE) [nsICertOverrideService.setDisableAllSecurityChecksAndLetAttackersInterceptMyData]
!!! error running onStopped callback: TypeError: callback is not a function

###!!! [Parent][RunMessage] Error: Channel closing: too late to send/recv, messages will be lost

1648741364214	RemoteAgent	ERROR	unable to stop listener: [Exception... "Component returned failure code: 0x8000ffff (NS_ERROR_UNEXPECTED) [nsIWindowMediator.getEnumerator]"  nsresult: "0x8000ffff (NS_ERROR_UNEXPECTED)"  location: "JS frame :: chrome://remote/content/cdp/observers/TargetObserver.jsm :: stop :: line 64"  data: no] Stack trace: stop()@TargetObserver.jsm:64
unwatchForTabs()@TargetList.jsm:70
unwatchForTargets()@TargetList.jsm:37
destructor()@TargetList.jsm:109
stop()@CDP.jsm:104
close()@RemoteAgent.jsm:138
1648741371035	geckodriver	INFO	Listening on 127.0.0.1:57407
1648741374805	mozrunner::runner	INFO	Running command: "C:\\\\Users\\\\bezie\\\\Desktop\\\\Tor Browser\\\\Browser\\\\firefox.exe" "--marionette" "--remote-debugging-port" "57408" "-no-remote" "-profile" "C:\\Users\\bezie\\AppData\\Local\\Temp\\rust_mozprofileXp5gw3"
console.log: "TorSettings: loadFromPrefs()"
console.log: "TorConnect: Init"
console.log: "TorConnect: observed profile-after-change"
console.log: "TorConnect: observing topic 'TorBootstrapStatus'"
console.log: "TorConnect: observing topic 'TorBootstrapError'"
console.log: "TorConnect: observing topic 'TorProcessExited'"
console.log: "TorConnect: observing topic 'TorLogHasWarnOrErr'"
console.log: "TorConnect: observing topic 'torsettings:ready'"
console.log: "TorSettings: observed profile-after-change"
1648741375098	Marionette	INFO	Marionette enabled
console.log: "TorConnect: will load after bootstrap => [about:blank]"
console.error: "Could not load engine blockchair-onion@search.mozilla.org: Error: Extension is invalid"
JavaScript error: resource://gre/modules/XULStore.jsm, line 66: Error: Can't find profile directory.
JavaScript error: resource://gre/modules/XPCOMUtils.jsm, line 161: TypeError: Cc[aContract] is undefined
DevTools listening on ws://localhost:57408/devtools/browser/07c95f38-4320-40e1-b347-fb5e26dee970
1648741376178	Marionette	INFO	Listening on port 57413
1648741376345	RemoteAgent	WARN	TLS certificate errors will be ignored for this session
1648741415057	Marionette	INFO	Stopped listening on port 57413
JavaScript error: , line 0: TypeError: NetworkError when attempting to fetch resource.
JavaScript error: , line 0: TypeError: NetworkError when attempting to fetch resource.
JavaScript error: resource:///modules/Interactions.jsm, line 209: NS_ERROR_FAILURE: Component returned failure code: 0x80004005 (NS_ERROR_FAILURE) [nsIUserIdleService.removeIdleObserver]
!!! error running onStopped callback: TypeError: callback is not a function
1648741415276	RemoteAgent	ERROR	unable to stop listener: [Exception... "Component returned failure code: 0x8000ffff (NS_ERROR_UNEXPECTED) [nsIWindowMediator.getEnumerator]"  nsresult: "0x8000ffff (NS_ERROR_UNEXPECTED)"  location: "JS frame :: chrome://remote/content/cdp/observers/TargetObserver.jsm :: stop :: line 64"  data: no] Stack trace: stop()@TargetObserver.jsm:64
unwatchForTabs()@TargetList.jsm:70
unwatchForTargets()@TargetList.jsm:37
destructor()@TargetList.jsm:109
stop()@CDP.jsm:104
close()@RemoteAgent.jsm:138
1648741417676	geckodriver	INFO	Listening on 127.0.0.1:57597
1648741421475	mozrunner::runner	INFO	Running command: "C:\\\\Users\\\\bezie\\\\Desktop\\\\Tor Browser\\\\Browser\\\\firefox.exe" "--marionette" "--remote-debugging-port" "57598" "-no-remote" "-profile" "C:\\Users\\bezie\\AppData\\Local\\Temp\\rust_mozprofileTaYwAx"
console.log: "TorSettings: loadFromPrefs()"
console.log: "TorConnect: Init"
console.log: "TorConnect: observed profile-after-change"
console.log: "TorConnect: observing topic 'TorBootstrapStatus'"
console.log: "TorConnect: observing topic 'TorBootstrapError'"
console.log: "TorConnect: observing topic 'TorProcessExited'"
console.log: "TorConnect: observing topic 'TorLogHasWarnOrErr'"
console.log: "TorConnect: observing topic 'torsettings:ready'"
console.log: "TorSettings: observed profile-after-change"
1648741421746	Marionette	INFO	Marionette enabled
console.log: "TorConnect: will load after bootstrap => [about:blank]"
console.error: "Could not load engine blockchair-onion@search.mozilla.org: Error: Extension is invalid"
JavaScript error: resource://gre/modules/XULStore.jsm, line 66: Error: Can't find profile directory.
JavaScript error: resource://gre/modules/XPCOMUtils.jsm, line 161: TypeError: Cc[aContract] is undefined
DevTools listening on ws://localhost:57598/devtools/browser/cba22089-7816-4c9e-88b2-1a1ca929f906
1648741422855	Marionette	INFO	Listening on port 57603
1648741423016	RemoteAgent	WARN	TLS certificate errors will be ignored for this session
1648741428215	Marionette	INFO	Stopped listening on port 57603
JavaScript error: resource:///modules/Interactions.jsm, line 209: NS_ERROR_FAILURE: Component returned failure code: 0x80004005 (NS_ERROR_FAILURE) [nsIUserIdleService.removeIdleObserver]
JavaScript error: chrome://remote/content/marionette/cert.js, line 55: NS_ERROR_NOT_AVAILABLE: Component returned failure code: 0x80040111 (NS_ERROR_NOT_AVAILABLE) [nsICertOverrideService.setDisableAllSecurityChecksAndLetAttackersInterceptMyData]
!!! error running onStopped callback: TypeError: callback is not a function

###!!! [Parent][RunMessage] Error: Channel closing: too late to send/recv, messages will be lost

1648741428437	RemoteAgent	ERROR	unable to stop listener: [Exception... "Component returned failure code: 0x8000ffff (NS_ERROR_UNEXPECTED) [nsIWindowMediator.getEnumerator]"  nsresult: "0x8000ffff (NS_ERROR_UNEXPECTED)"  location: "JS frame :: chrome://remote/content/cdp/observers/TargetObserver.jsm :: stop :: line 64"  data: no] Stack trace: stop()@TargetObserver.jsm:64
unwatchForTabs()@TargetList.jsm:70
unwatchForTargets()@TargetList.jsm:37
destructor()@TargetList.jsm:109
stop()@CDP.jsm:104
close()@RemoteAgent.jsm:138
1648741437081	geckodriver	INFO	Listening on 127.0.0.1:57628
1648741440860	mozrunner::runner	INFO	Running command: "C:\\\\Users\\\\bezie\\\\Desktop\\\\Tor Browser\\\\Browser\\\\firefox.exe" "--marionette" "--remote-debugging-port" "57629" "-no-remote" "-profile" "C:\\Users\\bezie\\AppData\\Local\\Temp\\rust_mozprofile3Djbkt"
console.log: "TorSettings: loadFromPrefs()"
console.log: "TorConnect: Init"
console.log: "TorConnect: observed profile-after-change"
console.log: "TorConnect: observing topic 'TorBootstrapStatus'"
console.log: "TorConnect: observing topic 'TorBootstrapError'"
console.log: "TorConnect: observing topic 'TorProcessExited'"
console.log: "TorConnect: observing topic 'TorLogHasWarnOrErr'"
console.log: "TorConnect: observing topic 'torsettings:ready'"
console.log: "TorSettings: observed profile-after-change"
1648741441130	Marionette	INFO	Marionette enabled
console.log: "TorConnect: will load after bootstrap => [about:blank]"
console.error: "Could not load engine blockchair-onion@search.mozilla.org: Error: Extension is invalid"
JavaScript error: resource://gre/modules/XULStore.jsm, line 66: Error: Can't find profile directory.
JavaScript error: resource://gre/modules/XPCOMUtils.jsm, line 161: TypeError: Cc[aContract] is undefined
DevTools listening on ws://localhost:57629/devtools/browser/ba151e6a-5044-422b-8f97-5febcfb5a6f5
1648741442244	Marionette	INFO	Listening on port 57634
1648741442406	RemoteAgent	WARN	TLS certificate errors will be ignored for this session
JavaScript error: , line 0: NotFoundError: No such JSWindowActor 'MarionetteEvents'
JavaScript error: , line 0: NotFoundError: No such JSWindowActor 'MarionetteEvents'
1648741465241	Marionette	INFO	Stopped listening on port 57634
JavaScript error: resource:///modules/Interactions.jsm, line 209: NS_ERROR_FAILURE: Component returned failure code: 0x80004005 (NS_ERROR_FAILURE) [nsIUserIdleService.removeIdleObserver]
!!! error running onStopped callback: TypeError: callback is not a function
1648741465457	RemoteAgent	ERROR	unable to stop listener: [Exception... "Component returned failure code: 0x8000ffff (NS_ERROR_UNEXPECTED) [nsIWindowMediator.getEnumerator]"  nsresult: "0x8000ffff (NS_ERROR_UNEXPECTED)"  location: "JS frame :: chrome://remote/content/cdp/observers/TargetObserver.jsm :: stop :: line 64"  data: no] Stack trace: stop()@TargetObserver.jsm:64
unwatchForTabs()@TargetList.jsm:70
unwatchForTargets()@TargetList.jsm:37
destructor()@TargetList.jsm:109
stop()@CDP.jsm:104
close()@RemoteAgent.jsm:138
ionette	INFO	Marionette enabled
console.log: "TorConnect: will load after bootstrap => [about:blank]"
console.error: "Could not load engine blockchair-onion@search.mozilla.org: Error: Extension is invalid"
JavaScript error: resource://gre/modules/XULStore.jsm, line 66: Error: Can't find profile directory.
JavaScript error: resource://gre/modules/XPCOMUtils.jsm, line 161: TypeError: Cc[aContract] is undefined
DevTools listening on ws://localhost:57651/devtools/browser/beb70b4d-ba4b-4d55-84a9-418abb8385fe
1648741457913	Marionette	INFO	Listening on port 57658
1648741458122	RemoteAgent	WARN	TLS certificate errors will be ignored for this session
1648741466232	Marionette	INFO	Stopped listening on port 57658
JavaScript error: resource:///modules/Interactions.jsm, line 209: NS_ERROR_FAILURE: Component returned failure code: 0x80004005 (NS_ERROR_FAILURE) [nsIUserIdleService.removeIdleObserver]

###!!! [Parent][MessageChannel] Error: (msgtype=0xB000E,name=PBackgroundIDBDatabase::Msg_CloseAfterInvalidationComplete) Channel error: cannot send/recv

!!! error running onStopped callback: TypeError: callback is not a function

###!!! [Parent][RunMessage] Error: Channel closing: too late to send/recv, messages will be lost

1648741466452	RemoteAgent	ERROR	unable to stop listener: [Exception... "Component returned failure code: 0x8000ffff (NS_ERROR_UNEXPECTED) [nsIWindowMediator.getEnumerator]"  nsresult: "0x8000ffff (NS_ERROR_UNEXPECTED)"  location: "JS frame :: chrome://remote/content/cdp/observers/TargetObserver.jsm :: stop :: line 64"  data: no] Stack trace: stop()@TargetObserver.jsm:64
unwatchForTabs()@TargetList.jsm:70
unwatchForTargets()@TargetList.jsm:37
destructor()@TargetList.jsm:109
stop()@CDP.jsm:104
close()@RemoteAgent.jsm:138
1648741472491	geckodriver	INFO	Listening on 127.0.0.1:57673
1648741476267	mozrunner::runner	INFO	Running command: "C:\\\\Users\\\\bezie\\\\Desktop\\\\Tor Browser\\\\Browser\\\\firefox.exe" "--marionette" "--remote-debugging-port" "57674" "-no-remote" "-profile" "C:\\Users\\bezie\\AppData\\Local\\Temp\\rust_mozprofilevI5Ned"
console.log: "TorSettings: loadFromPrefs()"
console.log: "TorConnect: Init"
console.log: "TorConnect: observed profile-after-change"
console.log: "TorConnect: observing topic 'TorBootstrapStatus'"
console.log: "TorConnect: observing topic 'TorBootstrapError'"
console.log: "TorConnect: observing topic 'TorProcessExited'"
console.log: "TorConnect: observing topic 'TorLogHasWarnOrErr'"
console.log: "TorConnect: observing topic 'torsettings:ready'"
console.log: "TorSettings: observed profile-after-change"
1648741476554	Marionette	INFO	Marionette enabled
console.log: "TorConnect: will load after bootstrap => [about:blank]"
console.error: "Could not load engine blockchair-onion@search.mozilla.org: Error: Extension is invalid"
JavaScript error: resource://gre/modules/XULStore.jsm, line 66: Error: Can't find profile directory.
JavaScript error: resource://gre/modules/XPCOMUtils.jsm, line 161: TypeError: Cc[aContract] is undefined
DevTools listening on ws://localhost:57674/devtools/browser/f15726e4-c6a9-497e-a9e2-24cd357779bb
1648741477538	Marionette	INFO	Listening on port 57679
1648741477798	RemoteAgent	WARN	TLS certificate errors will be ignored for this session
JavaScript error: , line 0: NotFoundError: No such JSWindowActor 'MarionetteEvents'
console.log: "TorSettings: saveToPrefs()"
JavaScript error: resource://gre/actors/RemotePageChild.jsm, line 116: NS_ERROR_FAILURE: Component returned failure code: 0x80004005 (NS_ERROR_FAILURE) [nsIXPCComponents_Utils.cloneInto]
console.log: "TorSettings: applySettings()"
console.log: "TorSettings: saveToPrefs()"
console.log: "TorSettings: applySettings()"
JavaScript error: resource://gre/actors/RemotePageChild.jsm, line 116: NS_ERROR_FAILURE: Component returned failure code: 0x80004005 (NS_ERROR_FAILURE) [nsIXPCComponents_Utils.cloneInto]
console.log: "TorSettings: saveToPrefs()"
JavaScript error: resource://gre/actors/RemotePageChild.jsm, line 116: NS_ERROR_FAILURE: Component returned failure code: 0x80004005 (NS_ERROR_FAILURE) [nsIXPCComponents_Utils.cloneInto]
console.log: "TorSettings: applySettings()"
console.log: "TorSettings: saveToPrefs()"
JavaScript error: resource://gre/actors/RemotePageChild.jsm, line 116: NS_ERROR_FAILURE: Component returned failure code: 0x80004005 (NS_ERROR_FAILURE) [nsIXPCComponents_Utils.cloneInto]
console.log: "TorSettings: applySettings()"
1648741500969	Marionette	INFO	Stopped listening on port 57679
JavaScript error: resource:///modules/Interactions.jsm, line 209: NS_ERROR_FAILURE: Component returned failure code: 0x80004005 (NS_ERROR_FAILURE) [nsIUserIdleService.removeIdleObserver]
!!! error running onStopped callback: TypeError: callback is not a function

###!!! [Parent][RunMessage] Error: Channel closing: too late to send/recv, messages will be lost

1648741501194	RemoteAgent	ERROR	unable to stop listener: [Exception... "Component returned failure code: 0x8000ffff (NS_ERROR_UNEXPECTED) [nsIWindowMediator.getEnumerator]"  nsresult: "0x8000ffff (NS_ERROR_UNEXPECTED)"  location: "JS frame :: chrome://remote/content/cdp/observers/TargetObserver.jsm :: stop :: line 64"  data: no] Stack trace: stop()@TargetObserver.jsm:64
unwatchForTabs()@TargetList.jsm:70
unwatchForTargets()@TargetList.jsm:37
destructor()@TargetList.jsm:109
stop()@CDP.jsm:104
close()@RemoteAgent.jsm:138
1648741538693	geckodriver	INFO	Listening on 127.0.0.1:57716
1648741542486	mozrunner::runner	INFO	Running command: "C:\\\\Users\\\\bezie\\\\Desktop\\\\Tor Browser\\\\Browser\\\\firefox.exe" "--marionette" "--remote-debugging-port" "57717" "-no-remote" "-profile" "C:\\Users\\bezie\\AppData\\Local\\Temp\\rust_mozprofilejv1bxb"
console.log: "TorSettings: loadFromPrefs()"
console.log: "TorConnect: Init"
console.log: "TorConnect: observed profile-after-change"
console.log: "TorConnect: observing topic 'TorBootstrapStatus'"
console.log: "TorConnect: observing topic 'TorBootstrapError'"
console.log: "TorConnect: observing topic 'TorProcessExited'"
console.log: "TorConnect: observing topic 'TorLogHasWarnOrErr'"
console.log: "TorConnect: observing topic 'torsettings:ready'"
console.log: "TorSettings: observed profile-after-change"
1648741542761	Marionette	INFO	Marionette enabled
console.log: "TorConnect: will load after bootstrap => [about:blank]"
console.error: "Could not load engine blockchair-onion@search.mozilla.org: Error: Extension is invalid"
JavaScript error: resource://gre/modules/XULStore.jsm, line 66: Error: Can't find profile directory.
JavaScript error: resource://gre/modules/XPCOMUtils.jsm, line 161: TypeError: Cc[aContract] is undefined
DevTools listening on ws://localhost:57717/devtools/browser/2fbe405d-9895-4fa8-aadf-774c967cdb0d
1648741543754	Marionette	INFO	Listening on port 57722
1648741544018	RemoteAgent	WARN	TLS certificate errors will be ignored for this session
JavaScript error: , line 0: NotFoundError: No such JSWindowActor 'MarionetteEvents'
JavaScript error: resource://gre/modules/PromiseWorker.jsm, line 106: Error: Could not get children of file(C:\Users\bezie\AppData\Local\Temp\rust_mozprofilejv1bxb\thumbnails) because it does not exist
1648742035717	Marionette	INFO	Stopped listening on port 57722
JavaScript error: resource:///modules/Interactions.jsm, line 209: NS_ERROR_FAILURE: Component returned failure code: 0x80004005 (NS_ERROR_FAILURE) [nsIUserIdleService.removeIdleObserver]
!!! error running onStopped callback: TypeError: callback is not a function

###!!! [Parent][RunMessage] Error: Channel closing: too late to send/recv, messages will be lost

1648742035767	RemoteAgent	ERROR	unable to stop listener: [Exception... "Component returned failure code: 0x8000ffff (NS_ERROR_UNEXPECTED) [nsIWindowMediator.getEnumerator]"  nsresult: "0x8000ffff (NS_ERROR_UNEXPECTED)"  location: "JS frame :: chrome://remote/content/cdp/observers/TargetObserver.jsm :: stop :: line 64"  data: no] Stack trace: stop()@TargetObserver.jsm:64
unwatchForTabs()@TargetList.jsm:70
unwatchForTargets()@TargetList.jsm:37
destructor()@TargetList.jsm:109
stop()@CDP.jsm:104
close()@RemoteAgent.jsm:138

console.error: "Could not load engine blockchair-onion@search.mozilla.org: Error: Extension is invalid"
JavaScript error: resource://gre/modules/XULStore.jsm, line 66: Error: Can't find profile directory.
JavaScript error: resource://gre/modules/XPCOMUtils.jsm, line 161: TypeError: Cc[aContract] is undefined
DevTools listening on ws://localhost:57797/devtools/browser/f21e28eb-d712-4bff-bef4-9370e9dfe23e
1648741861131	Marionette	INFO	Listening on port 57803
1648741861344	RemoteAgent	WARN	TLS certificate errors will be ignored for this session
1648741889371	Marionette	INFO	Stopped listening on port 57803
JavaScript error: resource:///modules/Interactions.jsm, line 209: NS_ERROR_FAILURE: Component returned failure code: 0x80004005 (NS_ERROR_FAILURE) [nsIUserIdleService.removeIdleObserver]
!!! error running onStopped callback: TypeError: callback is not a function
1648741889599	RemoteAgent	ERROR	unable to stop listener: [Exception... "Component returned failure code: 0x8000ffff (NS_ERROR_UNEXPECTED) [nsIWindowMediator.getEnumerator]"  nsresult: "0x8000ffff (NS_ERROR_UNEXPECTED)"  location: "JS frame :: chrome://remote/content/cdp/observers/TargetObserver.jsm :: stop :: line 64"  data: no] Stack trace: stop()@TargetObserver.jsm:64
unwatchForTabs()@TargetList.jsm:70
unwatchForTargets()@TargetList.jsm:37
destructor()@TargetList.jsm:109
stop()@CDP.jsm:104
close()@RemoteAgent.jsm:138
1648742045693	geckodriver	INFO	Listening on 127.0.0.1:57875
1648742049529	mozrunner::runner	INFO	Running command: "C:\\\\Users\\\\bezie\\\\Desktop\\\\Tor Browser\\\\Browser\\\\firefox.exe" "--marionette" "--remote-debugging-port" "57876" "-no-remote" "-profile" "C:\\Users\\bezie\\AppData\\Local\\Temp\\rust_mozprofile4iJtE0"
console.log: "TorSettings: loadFromPrefs()"
console.log: "TorConnect: Init"
console.log: "TorConnect: observed profile-after-change"
console.log: "TorConnect: observing topic 'TorBootstrapStatus'"
console.log: "TorConnect: observing topic 'TorBootstrapError'"
console.log: "TorConnect: observing topic 'TorProcessExited'"
console.log: "TorConnect: observing topic 'TorLogHasWarnOrErr'"
console.log: "TorConnect: observing topic 'torsettings:ready'"
console.log: "TorSettings: observed profile-after-change"
1648742049812	Marionette	INFO	Marionette enabled
console.log: "TorConnect: will load after bootstrap => [about:blank]"
console.error: "Could not load engine blockchair-onion@search.mozilla.org: Error: Extension is invalid"
JavaScript error: resource://gre/modules/XULStore.jsm, line 66: Error: Can't find profile directory.
JavaScript error: resource://gre/modules/XPCOMUtils.jsm, line 161: TypeError: Cc[aContract] is undefined
DevTools listening on ws://localhost:57876/devtools/browser/d2274cae-10a1-4e41-b703-7232e78e4315
1648742050796	Marionette	INFO	Listening on port 57881
1648742051056	RemoteAgent	WARN	TLS certificate errors will be ignored for this session
1648742057276	Marionette	INFO	Stopped listening on port 57881
JavaScript error: resource:///modules/Interactions.jsm, line 209: NS_ERROR_FAILURE: Component returned failure code: 0x80004005 (NS_ERROR_FAILURE) [nsIUserIdleService.removeIdleObserver]
JavaScript error: chrome://remote/content/marionette/cert.js, line 55: NS_ERROR_NOT_AVAILABLE: Component returned failure code: 0x80040111 (NS_ERROR_NOT_AVAILABLE) [nsICertOverrideService.setDisableAllSecurityChecksAndLetAttackersInterceptMyData]
!!! error running onStopped callback: TypeError: callback is not a function

###!!! [Parent][RunMessage] Error: Channel closing: too late to send/recv, messages will be lost

1648742057517	RemoteAgent	ERROR	unable to stop listener: [Exception... "Component returned failure code: 0x8000ffff (NS_ERROR_UNEXPECTED) [nsIWindowMediator.getEnumerator]"  nsresult: "0x8000ffff (NS_ERROR_UNEXPECTED)"  location: "JS frame :: chrome://remote/content/cdp/observers/TargetObserver.jsm :: stop :: line 64"  data: no] Stack trace: stop()@TargetObserver.jsm:64
unwatchForTabs()@TargetList.jsm:70
unwatchForTargets()@TargetList.jsm:37
destructor()@TargetList.jsm:109
stop()@CDP.jsm:104
close()@RemoteAgent.jsm:138
1648742060231	geckodriver	INFO	Listening on 127.0.0.1:57911
1648742064033	mozrunner::runner	INFO	Running command: "C:\\\\Users\\\\bezie\\\\Desktop\\\\Tor Browser\\\\Browser\\\\firefox.exe" "--marionette" "--remote-debugging-port" "57912" "-no-remote" "-profile" "C:\\Users\\bezie\\AppData\\Local\\Temp\\rust_mozprofileqWEeRR"
console.log: "TorSettings: loadFromPrefs()"
console.log: "TorConnect: Init"
console.log: "TorConnect: observed profile-after-change"
console.log: "TorConnect: observing topic 'TorBootstrapStatus'"
console.log: "TorConnect: observing topic 'TorBootstrapError'"
console.log: "TorConnect: observing topic 'TorProcessExited'"
console.log: "TorConnect: observing topic 'TorLogHasWarnOrErr'"
console.log: "TorConnect: observing topic 'torsettings:ready'"
console.log: "TorSettings: observed profile-after-change"
1648742064307	Marionette	INFO	Marionette enabled
console.log: "TorConnect: will load after bootstrap => [about:blank]"
console.error: "Could not load engine blockchair-onion@search.mozilla.org: Error: Extension is invalid"
JavaScript error: resource://gre/modules/XULStore.jsm, line 66: Error: Can't find profile directory.
JavaScript error: resource://gre/modules/XPCOMUtils.jsm, line 161: TypeError: Cc[aContract] is undefined
DevTools listening on ws://localhost:57912/devtools/browser/6fa74908-3b0b-4a37-82de-54551699aab6
1648742065276	Marionette	INFO	Listening on port 57917
1648742065584	RemoteAgent	WARN	TLS certificate errors will be ignored for this session
1648742071731	Marionette	INFO	Stopped listening on port 57917
JavaScript error: resource:///modules/Interactions.jsm, line 209: NS_ERROR_FAILURE: Component returned failure code: 0x80004005 (NS_ERROR_FAILURE) [nsIUserIdleService.removeIdleObserver]
JavaScript error: chrome://remote/content/marionette/cert.js, line 55: NS_ERROR_NOT_AVAILABLE: Component returned failure code: 0x80040111 (NS_ERROR_NOT_AVAILABLE) [nsICertOverrideService.setDisableAllSecurityChecksAndLetAttackersInterceptMyData]
!!! error running onStopped callback: TypeError: callback is not a function
1648742071958	RemoteAgent	ERROR	unable to stop listener: [Exception... "Component returned failure code: 0x8000ffff (NS_ERROR_UNEXPECTED) [nsIWindowMediator.getEnumerator]"  nsresult: "0x8000ffff (NS_ERROR_UNEXPECTED)"  location: "JS frame :: chrome://remote/content/cdp/observers/TargetObserver.jsm :: stop :: line 64"  data: no] Stack trace: stop()@TargetObserver.jsm:64
unwatchForTabs()@TargetList.jsm:70
unwatchForTargets()@TargetList.jsm:37
destructor()@TargetList.jsm:109
stop()@CDP.jsm:104
close()@RemoteAgent.jsm:138
1648742073742	geckodriver	INFO	Listening on 127.0.0.1:57946
1648742077523	mozrunner::runner	INFO	Running command: "C:\\\\Users\\\\bezie\\\\Desktop\\\\Tor Browser\\\\Browser\\\\firefox.exe" "--marionette" "--remote-debugging-port" "57947" "-no-remote" "-profile" "C:\\Users\\bezie\\AppData\\Local\\Temp\\rust_mozprofileEMnZVv"
console.log: "TorSettings: loadFromPrefs()"
console.log: "TorConnect: Init"
console.log: "TorConnect: observed profile-after-change"
console.log: "TorConnect: observing topic 'TorBootstrapStatus'"
console.log: "TorConnect: observing topic 'TorBootstrapError'"
console.log: "TorConnect: observing topic 'TorProcessExited'"
console.log: "TorConnect: observing topic 'TorLogHasWarnOrErr'"
console.log: "TorConnect: observing topic 'torsettings:ready'"
console.log: "TorSettings: observed profile-after-change"
1648742077797	Marionette	INFO	Marionette enabled
console.log: "TorConnect: will load after bootstrap => [about:blank]"
console.error: "Could not load engine blockchair-onion@search.mozilla.org: Error: Extension is invalid"
JavaScript error: resource://gre/modules/XULStore.jsm, line 66: Error: Can't find profile directory.
JavaScript error: resource://gre/modules/XPCOMUtils.jsm, line 161: TypeError: Cc[aContract] is undefined
DevTools listening on ws://localhost:57947/devtools/browser/87d9fa43-08d9-4532-8b79-97970d485f04
1648742078806	Marionette	INFO	Listening on port 57952
1648742079072	RemoteAgent	WARN	TLS certificate errors will be ignored for this session
1648742092721	Marionette	INFO	Stopped listening on port 57952
JavaScript error: resource:///modules/Interactions.jsm, line 209: NS_ERROR_FAILURE: Component returned failure code: 0x80004005 (NS_ERROR_FAILURE) [nsIUserIdleService.removeIdleObserver]
JavaScript error: chrome://remote/content/marionette/cert.js, line 55: NS_ERROR_NOT_AVAILABLE: Component returned failure code: 0x80040111 (NS_ERROR_NOT_AVAILABLE) [nsICertOverrideService.setDisableAllSecurityChecksAndLetAttackersInterceptMyData]
!!! error running onStopped callback: TypeError: callback is not a function

###!!! [Parent][RunMessage] Error: Channel closing: too late to send/recv, messages will be lost

1648742092950	RemoteAgent	ERROR	unable to stop listener: [Exception... "Component returned failure code: 0x8000ffff (NS_ERROR_UNEXPECTED) [nsIWindowMediator.getEnumerator]"  nsresult: "0x8000ffff (NS_ERROR_UNEXPECTED)"  location: "JS frame :: chrome://remote/content/cdp/observers/TargetObserver.jsm :: stop :: line 64"  data: no] Stack trace: stop()@TargetObserver.jsm:64
unwatchForTabs()@TargetList.jsm:70
unwatchForTargets()@TargetList.jsm:37
destructor()@TargetList.jsm:109
stop()@CDP.jsm:104
close()@RemoteAgent.jsm:138
1648742095057	geckodriver	INFO	Listening on 127.0.0.1:57981
1648742098846	mozrunner::runner	INFO	Running command: "C:\\\\Users\\\\bezie\\\\Desktop\\\\Tor Browser\\\\Browser\\\\firefox.exe" "--marionette" "--remote-debugging-port" "57982" "-no-remote" "-profile" "C:\\Users\\bezie\\AppData\\Local\\Temp\\rust_mozprofilel7V8op"
console.log: "TorSettings: loadFromPrefs()"
console.log: "TorConnect: Init"
console.log: "TorConnect: observed profile-after-change"
console.log: "TorConnect: observing topic 'TorBootstrapStatus'"
console.log: "TorConnect: observing topic 'TorBootstrapError'"
console.log: "TorConnect: observing topic 'TorProcessExited'"
console.log: "TorConnect: observing topic 'TorLogHasWarnOrErr'"
console.log: "TorConnect: observing topic 'torsettings:ready'"
console.log: "TorSettings: observed profile-after-change"
1648742099123	Marionette	INFO	Marionette enabled
console.log: "TorConnect: will load after bootstrap => [about:blank]"
console.error: "Could not load engine blockchair-onion@search.mozilla.org: Error: Extension is invalid"
JavaScript error: resource://gre/modules/XULStore.jsm, line 66: Error: Can't find profile directory.
JavaScript error: resource://gre/modules/XPCOMUtils.jsm, line 161: TypeError: Cc[aContract] is undefined
DevTools listening on ws://localhost:57982/devtools/browser/1c933c9b-970d-4740-98a0-3cb6a0505964
1648742100076	Marionette	INFO	Listening on port 57988
1648742100370	RemoteAgent	WARN	TLS certificate errors will be ignored for this session
1648742221152	Marionette	INFO	Stopped listening on port 57988
JavaScript error: resource:///modules/Interactions.jsm, line 209: NS_ERROR_FAILURE: Component returned failure code: 0x80004005 (NS_ERROR_FAILURE) [nsIUserIdleService.removeIdleObserver]
!!! error running onStopped callback: TypeError: callback is not a function

###!!! [Parent][RunMessage] Error: Channel closing: too late to send/recv, messages will be lost

1648742221223	RemoteAgent	ERROR	unable to stop listener: [Exception... "Component returned failure code: 0x8000ffff (NS_ERROR_UNEXPECTED) [nsIWindowMediator.getEnumerator]"  nsresult: "0x8000ffff (NS_ERROR_UNEXPECTED)"  location: "JS frame :: chrome://remote/content/cdp/observers/TargetObserver.jsm :: stop :: line 64"  data: no] Stack trace: stop()@TargetObserver.jsm:64
unwatchForTabs()@TargetList.jsm:70
unwatchForTargets()@TargetList.jsm:37
destructor()@TargetList.jsm:109
stop()@CDP.jsm:104
close()@RemoteAgent.jsm:138
1648742236090	geckodriver	INFO	Listening on 127.0.0.1:65376
1648742239909	mozrunner::runner	INFO	Running command: "C:\\\\Users\\\\bezie\\\\Desktop\\\\Tor Browser\\\\Browser\\\\firefox.exe" "--marionette" "--remote-debugging-port" "65377" "-no-remote" "-profile" "C:\\Users\\bezie\\AppData\\Local\\Temp\\rust_mozprofile2PYyZ1"
console.log: "TorSettings: loadFromPrefs()"
console.log: "TorConnect: Init"
console.log: "TorConnect: observed profile-after-change"
console.log: "TorConnect: observing topic 'TorBootstrapStatus'"
console.log: "TorConnect: observing topic 'TorBootstrapError'"
console.log: "TorConnect: observing topic 'TorProcessExited'"
console.log: "TorConnect: observing topic 'TorLogHasWarnOrErr'"
console.log: "TorConnect: observing topic 'torsettings:ready'"
console.log: "TorSettings: observed profile-after-change"
1648742240189	Marionette	INFO	Marionette enabled
console.log: "TorConnect: will load after bootstrap => [about:blank]"
console.error: "Could not load engine blockchair-onion@search.mozilla.org: Error: Extension is invalid"
JavaScript error: resource://gre/modules/XULStore.jsm, line 66: Error: Can't find profile directory.
JavaScript error: resource://gre/modules/XPCOMUtils.jsm, line 161: TypeError: Cc[aContract] is undefined
DevTools listening on ws://localhost:65377/devtools/browser/a8a928d2-0e73-4057-bd2f-eba9f515c284
1648742241140	Marionette	INFO	Listening on port 65382
1648742241447	RemoteAgent	WARN	TLS certificate errors will be ignored for this session
JavaScript error: https://a.pub.network/whatismyipaddress-com/pubfig.min.js, line 1: TypeError: n is undefined
1648742262940	Marionette	INFO	Stopped listening on port 65382
JavaScript error: resource:///modules/Interactions.jsm, line 209: NS_ERROR_FAILURE: Component returned failure code: 0x80004005 (NS_ERROR_FAILURE) [nsIUserIdleService.removeIdleObserver]
JavaScript error: chrome://remote/content/marionette/cert.js, line 55: NS_ERROR_NOT_AVAILABLE: Component returned failure code: 0x80040111 (NS_ERROR_NOT_AVAILABLE) [nsICertOverrideService.setDisableAllSecurityChecksAndLetAttackersInterceptMyData]
!!! error running onStopped callback: TypeError: callback is not a function
1648742263160	RemoteAgent	ERROR	unable to stop listener: [Exception... "Component returned failure code: 0x8000ffff (NS_ERROR_UNEXPECTED) [nsIWindowMediator.getEnumerator]"  nsresult: "0x8000ffff (NS_ERROR_UNEXPECTED)"  location: "JS frame :: chrome://remote/content/cdp/observers/TargetObserver.jsm :: stop :: line 64"  data: no] Stack trace: stop()@TargetObserver.jsm:64
unwatchForTabs()@TargetList.jsm:70
unwatchForTargets()@TargetList.jsm:37
destructor()@TargetList.jsm:109
stop()@CDP.jsm:104
close()@RemoteAgent.jsm:138
1648742340772	geckodriver	INFO	Listening on 127.0.0.1:49182
1648742344562	mozrunner::runner	INFO	Running command: "C:\\\\Users\\\\bezie\\\\Desktop\\\\Tor Browser\\\\Browser\\\\firefox.exe" "--marionette" "--remote-debugging-port" "49183" "-no-remote" "-profile" "C:\\Users\\bezie\\AppData\\Local\\Temp\\rust_mozprofileoGbK5W"
console.log: "TorSettings: loadFromPrefs()"
console.log: "TorConnect: Init"
console.log: "TorConnect: observed profile-after-change"
console.log: "TorConnect: observing topic 'TorBootstrapStatus'"
console.log: "TorConnect: observing topic 'TorBootstrapError'"
console.log: "TorConnect: observing topic 'TorProcessExited'"
console.log: "TorConnect: observing topic 'TorLogHasWarnOrErr'"
console.log: "TorConnect: observing topic 'torsettings:ready'"
console.log: "TorSettings: observed profile-after-change"
1648742344842	Marionette	INFO	Marionette enabled
console.log: "TorConnect: will load after bootstrap => [about:blank]"
console.error: "Could not load engine blockchair-onion@search.mozilla.org: Error: Extension is invalid"
JavaScript error: resource://gre/modules/XULStore.jsm, line 66: Error: Can't find profile directory.
JavaScript error: resource://gre/modules/XPCOMUtils.jsm, line 161: TypeError: Cc[aContract] is undefined
DevTools listening on ws://localhost:49183/devtools/browser/75492f93-2cfa-4690-b4b5-053bd5e13bfc
1648742345787	Marionette	INFO	Listening on port 49188
1648742346095	RemoteAgent	WARN	TLS certificate errors will be ignored for this session
1648742353290	Marionette	INFO	Stopped listening on port 49188
JavaScript error: resource:///modules/Interactions.jsm, line 209: NS_ERROR_FAILURE: Component returned failure code: 0x80004005 (NS_ERROR_FAILURE) [nsIUserIdleService.removeIdleObserver]
!!! error running onStopped callback: TypeError: callback is not a function

###!!! [Parent][RunMessage] Error: Channel closing: too late to send/recv, messages will be lost

1648742353525	RemoteAgent	ERROR	unable to stop listener: [Exception... "Component returned failure code: 0x8000ffff (NS_ERROR_UNEXPECTED) [nsIWindowMediator.getEnumerator]"  nsresult: "0x8000ffff (NS_ERROR_UNEXPECTED)"  location: "JS frame :: chrome://remote/content/cdp/observers/TargetObserver.jsm :: stop :: line 64"  data: no] Stack trace: stop()@TargetObserver.jsm:64
unwatchForTabs()@TargetList.jsm:70
unwatchForTargets()@TargetList.jsm:37
destructor()@TargetList.jsm:109
stop()@CDP.jsm:104
close()@RemoteAgent.jsm:138
1648742470033	geckodriver	INFO	Listening on 127.0.0.1:49331
1648742473889	mozrunner::runner	INFO	Running command: "C:\\\\Users\\\\bezie\\\\Desktop\\\\Tor Browser\\\\Browser\\\\firefox.exe" "--marionette" "--remote-debugging-port" "49332" "-no-remote" "-profile" "C:\\Users\\bezie\\AppData\\Local\\Temp\\rust_mozprofileIni5I6"
console.log: "TorSettings: loadFromPrefs()"
console.log: "TorConnect: Init"
console.log: "TorConnect: observed profile-after-change"
console.log: "TorConnect: observing topic 'TorBootstrapStatus'"
console.log: "TorConnect: observing topic 'TorBootstrapError'"
console.log: "TorConnect: observing topic 'TorProcessExited'"
console.log: "TorConnect: observing topic 'TorLogHasWarnOrErr'"
console.log: "TorConnect: observing topic 'torsettings:ready'"
console.log: "TorSettings: observed profile-after-change"
1648742474167	Marionette	INFO	Marionette enabled
console.log: "TorConnect: will load after bootstrap => [about:blank]"
console.error: "Could not load engine blockchair-onion@search.mozilla.org: Error: Extension is invalid"
JavaScript error: resource://gre/modules/XULStore.jsm, line 66: Error: Can't find profile directory.
JavaScript error: resource://gre/modules/XPCOMUtils.jsm, line 161: TypeError: Cc[aContract] is undefined
DevTools listening on ws://localhost:49332/devtools/browser/67b5e0b6-85bf-4ab4-b7ea-fe324e90e786
1648742475072	Marionette	INFO	Listening on port 49339
1648742475440	RemoteAgent	WARN	TLS certificate errors will be ignored for this session
console.log: "bridge type: "
console.log: "TorSettings: saveToPrefs()"
console.log: "TorSettings: applySettings()"
console.log: "TorSettings: saveToPrefs()"
console.log: "TorSettings: applySettings()"
JavaScript error: resource:///modules/sessionstore/SessionFile.jsm, line 375: Error: _initWorker called too early! Please read the session file from disk first.
[Parent 17972, IPC I/O Parent] WARNING: file /var/tmp/build/firefox-cc4c8eaff833/ipc/chromium/src/base/process_util_win.cc:167
1648742575098	Marionette	INFO	Stopped listening on port 49339
JavaScript error: resource:///modules/Interactions.jsm, line 209: NS_ERROR_FAILURE: Component returned failure code: 0x80004005 (NS_ERROR_FAILURE) [nsIUserIdleService.removeIdleObserver]
!!! error running onStopped callback: TypeError: callback is not a function
1648742576925	RemoteAgent	ERROR	unable to stop listener: [Exception... "Component returned failure code: 0x8000ffff (NS_ERROR_UNEXPECTED) [nsIWindowMediator.getEnumerator]"  nsresult: "0x8000ffff (NS_ERROR_UNEXPECTED)"  location: "JS frame :: chrome://remote/content/cdp/observers/TargetObserver.jsm :: stop :: line 64"  data: no] Stack trace: stop()@TargetObserver.jsm:64
unwatchForTabs()@TargetList.jsm:70
unwatchForTargets()@TargetList.jsm:37
destructor()@TargetList.jsm:109
stop()@CDP.jsm:104
close()@RemoteAgent.jsm:138
1648742581451	geckodriver	INFO	Listening on 127.0.0.1:50090
1648742585311	mozrunner::runner	INFO	Running command: "C:\\\\Users\\\\bezie\\\\Desktop\\\\Tor Browser\\\\Browser\\\\firefox.exe" "--marionette" "--remote-debugging-port" "50091" "-no-remote" "-profile" "C:\\Users\\bezie\\AppData\\Local\\Temp\\rust_mozprofileeu5je8"
console.log: "TorSettings: loadFromPrefs()"
console.log: "TorConnect: Init"
console.log: "TorConnect: observed profile-after-change"
console.log: "TorConnect: observing topic 'TorBootstrapStatus'"
console.log: "TorConnect: observing topic 'TorBootstrapError'"
console.log: "TorConnect: observing topic 'TorProcessExited'"
console.log: "TorConnect: observing topic 'TorLogHasWarnOrErr'"
console.log: "TorConnect: observing topic 'torsettings:ready'"
console.log: "TorSettings: observed profile-after-change"
1648742585590	Marionette	INFO	Marionette enabled
console.log: "TorConnect: will load after bootstrap => [about:blank]"
console.error: "Could not load engine blockchair-onion@search.mozilla.org: Error: Extension is invalid"
JavaScript error: resource://gre/modules/XULStore.jsm, line 66: Error: Can't find profile directory.
JavaScript error: resource://gre/modules/XPCOMUtils.jsm, line 161: TypeError: Cc[aContract] is undefined
DevTools listening on ws://localhost:50091/devtools/browser/46499b37-1746-42da-8917-71300117e179
1648742586646	Marionette	INFO	Listening on port 50102
1648742586859	RemoteAgent	WARN	TLS certificate errors will be ignored for this session
JavaScript error: resource:///modules/TorConnectParent.jsm, line 94: InvalidStateError: JSWindowActorParent.sendAsyncMessage: JSWindowActorParent cannot send at the moment
console.log: "TorSettings: saveToPrefs()"
console.log: "TorSettings: applySettings()"
JavaScript error: resource:///modules/TorConnectParent.jsm, line 94: InvalidStateError: JSWindowActorParent.sendAsyncMessage: JSWindowActorParent cannot send at the moment
console.log: "TorSettings: saveToPrefs()"
console.log: "TorSettings: applySettings()"
console.log: "bridge type: "
console.log: "TorSettings: saveToPrefs()"
console.log: "TorSettings: applySettings()"
console.log: "bridge type: obfs4"
console.log: "TorSettings: saveToPrefs()"
console.log: "TorSettings: applySettings()"
console.log: "bridge type: obfs4"
console.log: "TorSettings: saveToPrefs()"
console.log: "TorSettings: applySettings()"
JavaScript error: resource:///modules/sessionstore/SessionFile.jsm, line 375: Error: _initWorker called too early! Please read the session file from disk first.

###!!! [Child][MessageChannel] Error: (msgtype=0x59000C,name=PHttpChannel::Msg___delete__) Channel closing: too late to send/recv, messages will be lost

[Parent 19828, IPC I/O Parent] WARNING: file /var/tmp/build/firefox-cc4c8eaff833/ipc/chromium/src/base/process_util_win.cc:167
JavaScript error: undefined, line 0: Error: Invalid tab ID: 1
JavaScript error: undefined, line 0: Error: Invalid tab ID: 1
JavaScript error: undefined, line 0: Error: Invalid tab ID: 1
JavaScript error: undefined, line 0: Error: Invalid tab ID: 1
1648742696869	Marionette	INFO	Stopped listening on port 50102
JavaScript error: resource:///modules/Interactions.jsm, line 209: NS_ERROR_FAILURE: Component returned failure code: 0x80004005 (NS_ERROR_FAILURE) [nsIUserIdleService.removeIdleObserver]
Exiting due to channel error.
Listening on 127.0.0.1:51166
1648742704130	mozrunner::runner	INFO	Running command: "C:\\\\Users\\\\bezie\\\\Desktop\\\\Tor Browser\\\\Browser\\\\firefox.exe" "--marionette" "--remote-debugging-port" "51167" "-no-remote" "-profile" "C:\\Users\\bezie\\AppData\\Local\\Temp\\rust_mozprofileftKGkt"
console.log: "TorSettings: loadFromPrefs()"
console.log: "TorConnect: Init"
console.log: "TorConnect: observed profile-after-change"
console.log: "TorConnect: observing topic 'TorBootstrapStatus'"
console.log: "TorConnect: observing topic 'TorBootstrapError'"
console.log: "TorConnect: observing topic 'TorProcessExited'"
console.log: "TorConnect: observing topic 'TorLogHasWarnOrErr'"
console.log: "TorConnect: observing topic 'torsettings:ready'"
console.log: "TorSettings: observed profile-after-change"
1648742704432	Marionette	INFO	Marionette enabled
console.log: "TorConnect: will load after bootstrap => [about:blank]"
console.error: "Could not load engine blockchair-onion@search.mozilla.org: Error: Extension is invalid"
JavaScript error: resource://gre/modules/XULStore.jsm, line 66: Error: Can't find profile directory.
JavaScript error: resource://gre/modules/XPCOMUtils.jsm, line 161: TypeError: Cc[aContract] is undefined
DevTools listening on ws://localhost:51167/devtools/browser/3b7f581c-812d-43f2-ba8e-13abfc7a624e
1648742705481	Marionette	INFO	Listening on port 51172
1648742705655	RemoteAgent	WARN	TLS certificate errors will be ignored for this session
SourceActor threw an exception: [Exception... "Failed to open input source 'blob:moz-extension://44e3dba4-06e1-454f-9e81-c63348e60411/911ddcbf-c8b3-4fb8-9a73-57ad86bd573e'"  nsresult: "0x805303f4 (<unknown>)"  location: "JS frame :: resource://devtools/shared/DevToolsUtils.js :: mainThreadFetch/< :: line 670"  data: yes]
Stack: mainThreadFetch/<@resource://devtools/shared/DevToolsUtils.js:670:15
mainThreadFetch@resource://devtools/shared/DevToolsUtils.js:516:10
_fetchURLContents@resource://devtools/server/actors/utils/sources-manager.js:442:22
urlContents@resource://devtools/server/actors/utils/sources-manager.js:406:17
_resurrectSource@resource://devtools/server/actors/thread.js:2142:35
addAllSources@resource://devtools/server/actors/thread.js:1509:14
watch@resource://devtools/server/actors/resources/sources.js:52:17
watchResources@resource://devtools/server/actors/resources/index.js:239:19
_watchTargetResources@resource://devtools/server/actors/targets/target-actor-mixin.js:156:24
addWatcherDataEntry@resource://devtools/server/actors/targets/target-actor-mixin.js:47:20
_addWatcherDataEntry@resource://devtools/server/connectors/js-window-actor/DevToolsFrameChild.jsm:483:24
receiveMessage@resource://devtools/server/connectors/js-window-actor/DevToolsFrameChild.jsm:425:21
Line: 670, column: 0
console.error: ({})
SourceActor threw an exception: [Exception... "Failed to open input source 'blob:moz-extension://44e3dba4-06e1-454f-9e81-c63348e60411/fb38d8fb-6663-4a09-a541-130172cf1f33'"  nsresult: "0x805303f4 (<unknown>)"  location: "JS frame :: resource://devtools/shared/DevToolsUtils.js :: mainThreadFetch/< :: line 670"  data: yes]
Stack: mainThreadFetch/<@resource://devtools/shared/DevToolsUtils.js:670:15
mainThreadFetch@resource://devtools/shared/DevToolsUtils.js:516:10
_fetchURLContents@resource://devtools/server/actors/utils/sources-manager.js:442:22
urlContents@resource://devtools/server/actors/utils/sources-manager.js:406:17
_resurrectSource@resource://devtools/server/actors/thread.js:2142:35
addAllSources@resource://devtools/server/actors/thread.js:1509:14
watch@resource://devtools/server/actors/resources/sources.js:52:17
watchResources@resource://devtools/server/actors/resources/index.js:239:19
_watchTargetResources@resource://devtools/server/actors/targets/target-actor-mixin.js:156:24
addWatcherDataEntry@resource://devtools/server/actors/targets/target-actor-mixin.js:47:20
_addWatcherDataEntry@resource://devtools/server/connectors/js-window-actor/DevToolsFrameChild.jsm:483:24
receiveMessage@resource://devtools/server/connectors/js-window-actor/DevToolsFrameChild.jsm:425:21
Line: 670, column: 0
console.error: ({})
JavaScript error: resource://devtools/shared/DevToolsUtils.js, line 670: Failed to open input source 'blob:moz-extension://44e3dba4-06e1-454f-9e81-c63348e60411/911ddcbf-c8b3-4fb8-9a73-57ad86bd573e'
JavaScript error: resource://devtools/shared/DevToolsUtils.js, line 670: Failed to open input source 'blob:moz-extension://44e3dba4-06e1-454f-9e81-c63348e60411/fb38d8fb-6663-4a09-a541-130172cf1f33'
console.warn: "Resource  of root-node was not found."
console.warn: "Already stopped listening to websocket events for this window."
console.warn: "Already stopped listening to server sent events for this window."
1648742869585	Marionette	INFO	Stopped listening on port 51172
JavaScript error: resource:///modules/Interactions.jsm, line 209: NS_ERROR_FAILURE: Component returned failure code: 0x80004005 (NS_ERROR_FAILURE) [nsIUserIdleService.removeIdleObserver]
[Parent 16364, IPC I/O Parent] WARNING: file /var/tmp/build/firefox-cc4c8eaff833/ipc/chromium/src/base/process_util_win.cc:167
[Parent 16364, IPC I/O Parent] WARNING: file /var/tmp/build/firefox-cc4c8eaff833/ipc/chromium/src/base/process_util_win.cc:167
!!! error running onStopped callback: TypeError: callback is not a function

###!!! [Parent][RunMessage] Error: Channel closing: too late to send/recv, messages will be lost

1648742870154	RemoteAgent	ERROR	unable to stop listener: [Exception... "Component returned failure code: 0x8000ffff (NS_ERROR_UNEXPECTED) [nsIWindowMediator.getEnumerator]"  nsresult: "0x8000ffff (NS_ERROR_UNEXPECTED)"  location: "JS frame :: chrome://remote/content/cdp/observers/TargetObserver.jsm :: stop :: line 64"  data: no] Stack trace: stop()@TargetObserver.jsm:64
unwatchForTabs()@TargetList.jsm:70
unwatchForTargets()@TargetList.jsm:37
destructor()@TargetList.jsm:109
stop()@CDP.jsm:104
close()@RemoteAgent.jsm:138
1648742871549	geckodriver	INFO	Listening on 127.0.0.1:51771
1648742875349	mozrunner::runner	INFO	Running command: "C:\\\\Users\\\\bezie\\\\Desktop\\\\Tor Browser\\\\Browser\\\\firefox.exe" "--marionette" "--remote-debugging-port" "51772" "-no-remote" "-profile" "C:\\Users\\bezie\\AppData\\Local\\Temp\\rust_mozprofileCwcQS6"
console.log: "TorSettings: loadFromPrefs()"
console.log: "TorConnect: Init"
console.log: "TorConnect: observed profile-after-change"
console.log: "TorConnect: observing topic 'TorBootstrapStatus'"
console.log: "TorConnect: observing topic 'TorBootstrapError'"
console.log: "TorConnect: observing topic 'TorProcessExited'"
console.log: "TorConnect: observing topic 'TorLogHasWarnOrErr'"
console.log: "TorConnect: observing topic 'torsettings:ready'"
console.log: "TorSettings: observed profile-after-change"
1648742875621	Marionette	INFO	Marionette enabled
console.log: "TorConnect: will load after bootstrap => [about:blank]"
console.error: "Could not load engine blockchair-onion@search.mozilla.org: Error: Extension is invalid"
JavaScript error: resource://gre/modules/XULStore.jsm, line 66: Error: Can't find profile directory.
JavaScript error: resource://gre/modules/XPCOMUtils.jsm, line 161: TypeError: Cc[aContract] is undefined
DevTools listening on ws://localhost:51772/devtools/browser/b1105655-b93a-4d13-aed6-6a8c3a536ee2
1648742876587	Marionette	INFO	Listening on port 51777
1648742876903	RemoteAgent	WARN	TLS certificate errors will be ignored for this session
1648742906170	Marionette	INFO	Stopped listening on port 51777
JavaScript error: resource:///modules/Interactions.jsm, line 209: NS_ERROR_FAILURE: Component returned failure code: 0x80004005 (NS_ERROR_FAILURE) [nsIUserIdleService.removeIdleObserver]
JavaScript error: chrome://remote/content/marionette/cert.js, line 55: NS_ERROR_NOT_AVAILABLE: Component returned failure code: 0x80040111 (NS_ERROR_NOT_AVAILABLE) [nsICertOverrideService.setDisableAllSecurityChecksAndLetAttackersInterceptMyData]
!!! error running onStopped callback: TypeError: callback is not a function

###!!! [Parent][RunMessage] Error: Channel closing: too late to send/recv, messages will be lost

1648742906395	RemoteAgent	ERROR	unable to stop listener: [Exception... "Component returned failure code: 0x8000ffff (NS_ERROR_UNEXPECTED) [nsIWindowMediator.getEnumerator]"  nsresult: "0x8000ffff (NS_ERROR_UNEXPECTED)"  location: "JS frame :: chrome://remote/content/cdp/observers/TargetObserver.jsm :: stop :: line 64"  data: no] Stack trace: stop()@TargetObserver.jsm:64
unwatchForTabs()@TargetList.jsm:70
unwatchForTargets()@TargetList.jsm:37
destructor()@TargetList.jsm:109
stop()@CDP.jsm:104
close()@RemoteAgent.jsm:138
1648743009912	geckodriver	INFO	Listening on 127.0.0.1:51839
1648743013726	mozrunner::runner	INFO	Running command: "C:\\\\Users\\\\bezie\\\\Desktop\\\\Tor Browser\\\\Browser\\\\firefox.exe" "--marionette" "--remote-debugging-port" "51840" "-no-remote" "-profile" "C:\\Users\\bezie\\AppData\\Local\\Temp\\rust_mozprofileOgMlSX"
console.log: "TorSettings: loadFromPrefs()"
console.log: "TorConnect: Init"
console.log: "TorConnect: observed profile-after-change"
console.log: "TorConnect: observing topic 'TorBootstrapStatus'"
console.log: "TorConnect: observing topic 'TorBootstrapError'"
console.log: "TorConnect: observing topic 'TorProcessExited'"
console.log: "TorConnect: observing topic 'TorLogHasWarnOrErr'"
console.log: "TorConnect: observing topic 'torsettings:ready'"
console.log: "TorSettings: observed profile-after-change"
1648743014008	Marionette	INFO	Marionette enabled
console.log: "TorConnect: will load after bootstrap => [about:blank]"
console.error: "Could not load engine blockchair-onion@search.mozilla.org: Error: Extension is invalid"
JavaScript error: resource://gre/modules/XULStore.jsm, line 66: Error: Can't find profile directory.
JavaScript error: resource://gre/modules/XPCOMUtils.jsm, line 161: TypeError: Cc[aContract] is undefined
DevTools listening on ws://localhost:51840/devtools/browser/1e03e09f-9809-4974-90b8-53a2c5408474
1648743014978	Marionette	INFO	Listening on port 51846
1648743015254	RemoteAgent	WARN	TLS certificate errors will be ignored for this session
JavaScript error: https://abs.twimg.com/responsive-web/client-web-legacy/vendors~main.8f0ed135.js, line 77: Error: ApiError: https://twitter.com/i/api/1.1/attribution/event.json HTTP-403 codes:[1003] trace_ids:[null]
SourceActor threw an exception: [Exception... "Failed to open input source 'blob:moz-extension://44e3dba4-06e1-454f-9e81-c63348e60411/5f6781fc-3c90-4eaf-9575-0427fbfa8896'"  nsresult: "0x805303f4 (<unknown>)"  location: "JS frame :: resource://devtools/shared/DevToolsUtils.js :: mainThreadFetch/< :: line 670"  data: yes]
Stack: mainThreadFetch/<@resource://devtools/shared/DevToolsUtils.js:670:15
mainThreadFetch@resource://devtools/shared/DevToolsUtils.js:516:10
_fetchURLContents@resource://devtools/server/actors/utils/sources-manager.js:442:22
urlContents@resource://devtools/server/actors/utils/sources-manager.js:406:17
_resurrectSource@resource://devtools/server/actors/thread.js:2142:35
addAllSources@resource://devtools/server/actors/thread.js:1509:14
watch@resource://devtools/server/actors/resources/sources.js:52:17
watchResources@resource://devtools/server/actors/resources/index.js:239:19
_watchTargetResources@resource://devtools/server/actors/targets/target-actor-mixin.js:156:24
addWatcherDataEntry@resource://devtools/server/actors/targets/target-actor-mixin.js:47:20
_addWatcherDataEntry@resource://devtools/server/connectors/js-window-actor/DevToolsFrameChild.jsm:483:24
receiveMessage@resource://devtools/server/connectors/js-window-actor/DevToolsFrameChild.jsm:425:21
Line: 670, column: 0
console.error: ({})
SourceActor threw an exception: [Exception... "Failed to open input source 'blob:moz-extension://44e3dba4-06e1-454f-9e81-c63348e60411/3df23616-38cb-488d-a89c-5ac50761e982'"  nsresult: "0x805303f4 (<unknown>)"  location: "JS frame :: resource://devtools/shared/DevToolsUtils.js :: mainThreadFetch/< :: line 670"  data: yes]
Stack: mainThreadFetch/<@resource://devtools/shared/DevToolsUtils.js:670:15
mainThreadFetch@resource://devtools/shared/DevToolsUtils.js:516:10
_fetchURLContents@resource://devtools/server/actors/utils/sources-manager.js:442:22
urlContents@resource://devtools/server/actors/utils/sources-manager.js:406:17
_resurrectSource@resource://devtools/server/actors/thread.js:2142:35
addAllSources@resource://devtools/server/actors/thread.js:1509:14
watch@resource://devtools/server/actors/resources/sources.js:52:17
watchResources@resource://devtools/server/actors/resources/index.js:239:19
_watchTargetResources@resource://devtools/server/actors/targets/target-actor-mixin.js:156:24
addWatcherDataEntry@resource://devtools/server/actors/targets/target-actor-mixin.js:47:20
_addWatcherDataEntry@resource://devtools/server/connectors/js-window-actor/DevToolsFrameChild.jsm:483:24
receiveMessage@resource://devtools/server/connectors/js-window-actor/DevToolsFrameChild.jsm:425:21
Line: 670, column: 0
console.error: ({})
JavaScript error: resource://devtools/shared/DevToolsUtils.js, line 670: Failed to open input source 'blob:moz-extension://44e3dba4-06e1-454f-9e81-c63348e60411/5f6781fc-3c90-4eaf-9575-0427fbfa8896'
JavaScript error: resource://devtools/shared/DevToolsUtils.js, line 670: Failed to open input source 'blob:moz-extension://44e3dba4-06e1-454f-9e81-c63348e60411/3df23616-38cb-488d-a89c-5ac50761e982'
1648743103650	Marionette	INFO	Stopped listening on port 51841648743105445	mozrunner::runner	INFO	Running command: "C:\\\\Users\\\\bezie\\\\Desktop\\\\Tor Browser\\\\Browser\\\\firefox.exe" "--marionette" "--remote-debugging-port" "52017" "-no-remote" "-profile" "C:\\Users\\bezie\\AppData\\Local\\Temp\\rust_mozprofileivSKic"
console.log: "TorSettings: loadFromPrefs()"
console.log: "TorConnect: Init"
console.log: "TorConnect: observed profile-after-change"
console.log: "TorConnect: observing topic 'TorBootstrapStatus'"
console.log: "TorConnect: observing topic 'TorBootstrapError'"
console.log: "TorConnect: observing topic 'TorProcessExited'"
console.log: "TorConnect: observing topic 'TorLogHasWarnOrErr'"
console.log: "TorConnect: observing topic 'torsettings:ready'"
console.log: "TorSettings: observed profile-after-change"
1648743105736	Marionette	INFO	Marionette enabled
console.log: "TorConnect: will load after bootstrap => [about:blank]"
console.error: "Could not load engine blockchair-onion@search.mozilla.org: Error: Extension is invalid"
JavaScript error: resource://gre/modules/XULStore.jsm, line 66: Error: Can't find profile directory.
JavaScript error: resource://gre/modules/XPCOMUtils.jsm, line 161: TypeError: Cc[aContract] is undefined
DevTools listening on ws://localhost:52017/devtools/browser/24da113d-fd97-4c9f-9fef-f94bb032cb0c
1648743106807	Marionette	INFO	Listening on port 52024
1648743106998	RemoteAgent	WARN	TLS certificate errors will be ignored for this session
1648743110992	Marionette	INFO	Stopped listening on port 52024
JavaScript error: resource:///modules/Interactions.jsm, line 209: NS_ERROR_FAILURE: Component returned failure code: 0x80004005 (NS_ERROR_FAILURE) [nsIUserIdleService.removeIdleObserver]
JavaScript error: chrome://remote/content/marionette/cert.js, line 55: NS_ERROR_NOT_AVAILABLE: Component returned failure code: 0x80040111 (NS_ERROR_NOT_AVAILABLE) [nsICertOverrideService.setDisableAllSecurityChecksAndLetAttackersInterceptMyData]
!!! error running onStopped callback: TypeError: callback is not a function

###!!! [Parent][RunMessage] Error: Channel closing: too late to send/recv, messages will be lost

1648743111229	RemoteAgent	ERROR	unable to stop listener: [Exception... "Component returned failure code: 0x8000ffff (NS_ERROR_UNEXPECTED) [nsIWindowMediator.getEnumerator]"  nsresult: "0x8000ffff (NS_ERROR_UNEXPECTED)"  location: "JS frame :: chrome://remote/content/cdp/observers/TargetObserver.jsm :: stop :: line 64"  data: no] Stack trace: stop()@TargetObserver.jsm:64
unwatchForTabs()@TargetList.jsm:70
unwatchForTargets()@TargetList.jsm:37
destructor()@TargetList.jsm:109
stop()@CDP.jsm:104
close()@RemoteAgent.jsm:138
1648743121382	geckodriver	INFO	Listening on 127.0.0.1:52045
1648743125177	mozrunner::runner	INFO	Running command: "C:\\\\Users\\\\bezie\\\\Desktop\\\\Tor Browser\\\\Browser\\\\firefox.exe" "--marionette" "--remote-debugging-port" "52046" "-no-remote" "-profile" "C:\\Users\\bezie\\AppData\\Local\\Temp\\rust_mozprofile4PLLty"
console.log: "TorSettings: loadFromPrefs()"
console.log: "TorConnect: Init"
console.log: "TorConnect: observed profile-after-change"
console.log: "TorConnect: observing topic 'TorBootstrapStatus'"
console.log: "TorConnect: observing topic 'TorBootstrapError'"
console.log: "TorConnect: observing topic 'TorProcessExited'"
console.log: "TorConnect: observing topic 'TorLogHasWarnOrErr'"
console.log: "TorConnect: observing topic 'torsettings:ready'"
console.log: "TorSettings: observed profile-after-change"
1648743125467	Marionette	INFO	Marionette enabled
console.log: "TorConnect: will load after bootstrap => [about:blank]"
console.error: "Could not load engine blockchair-onion@search.mozilla.org: Error: Extension is invalid"
JavaScript error: resource://gre/modules/XULStore.jsm, line 66: Error: Can't find profile directory.
JavaScript error: resource://gre/modules/XPCOMUtils.jsm, line 161: TypeError: Cc[aContract] is undefined
DevTools listening on ws://localhost:52046/devtools/browser/c04ce86d-4f7c-462d-9dca-92e6ff22eb19
1648743126431	Marionette	INFO	Listening on port 52051
1648743126706	RemoteAgent	WARN	TLS certificate errors will be ignored for this session
1648743129798	Marionette	INFO	Stopped listening on port 52051
JavaScript error: resource:///modules/Interactions.jsm, line 209: NS_ERROR_FAILURE: Component returned failure code: 0x80004005 (NS_ERROR_FAILURE) [nsIUserIdleService.removeIdleObserver]
JavaScript error: chrome://remote/content/marionette/cert.js, line 55: NS_ERROR_NOT_AVAILABLE: Component returned failure code: 0x80040111 (NS_ERROR_NOT_AVAILABLE) [nsICertOverrideService.setDisableAllSecurityChecksAndLetAttackersInterceptMyData]
!!! error running onStopped callback: TypeError: callback is not a function

###!!! [Parent][RunMessage] Error: Channel closing: too late to send/recv, messages will be lost

1648743130061	RemoteAgent	ERROR	unable to stop listener: [Exception... "Component returned failure code: 0x8000ffff (NS_ERROR_UNEXPECTED) [nsIWindowMediator.getEnumerator]"  nsresult: "0x8000ffff (NS_ERROR_UNEXPECTED)"  location: "JS frame :: chrome://remote/content/cdp/observers/TargetObserver.jsm :: stop :: line 64"  data: no] Stack trace: stop()@TargetObserver.jsm:64
unwatchForTabs()@TargetList.jsm:70
unwatchForTargets()@TargetList.jsm:37
destructor()@TargetList.jsm:109
stop()@CDP.jsm:104
close()@RemoteAgent.jsm:138
1648743488689	geckodriver	INFO	Listening on 127.0.0.1:52156
1648743492483	mozrunner::runner	INFO	Running command: "C:\\\\Users\\\\bezie\\\\Desktop\\\\Tor Browser\\\\Browser\\\\firefox.exe" "--marionette" "--remote-debugging-port" "52157" "-no-remote" "-profile" "C:\\Users\\bezie\\AppData\\Local\\Temp\\rust_mozprofileERfFrX"
console.log: "TorSettings: loadFromPrefs()"
console.log: "TorConnect: Init"
console.log: "TorConnect: observed profile-after-change"
console.log: "TorConnect: observing topic 'TorBootstrapStatus'"
console.log: "TorConnect: observing topic 'TorBootstrapError'"
console.log: "TorConnect: observing topic 'TorProcessExited'"
console.log: "TorConnect: observing topic 'TorLogHasWarnOrErr'"
console.log: "TorConnect: observing topic 'torsettings:ready'"
console.log: "TorSettings: observed profile-after-change"
1648743492751	Marionette	INFO	Marionette enabled
console.log: "TorConnect: will load after bootstrap => [about:blank]"
console.error: "Could not load engine blockchair-onion@search.mozilla.org: Error: Extension is invalid"
JavaScript error: resource://gre/modules/XULStore.jsm, line 66: Error: Can't find profile directory.
JavaScript error: resource://gre/modules/XPCOMUtils.jsm, line 161: TypeError: Cc[aContract] is undefined
DevTools listening on ws://localhost:52157/devtools/browser/a9954df4-441f-4918-a63b-4345186b4f2b
1648743493716	Marionette	INFO	Listening on port 52164
1648743494027	RemoteAgent	WARN	TLS certificate errors will be ignored for this session
1648743499153	Marionette	INFO	Stopped listening on port 52164
JavaScript error: resource:///modules/Interactions.jsm, line 209: NS_ERROR_FAILURE: Component returned failure code: 0x80004005 (NS_ERROR_FAILURE) [nsIUserIdleService.removeIdleObserver]
JavaScript error: chrome://remote/content/marionette/cert.js, line 55: NS_ERROR_NOT_AVAILABLE: Component returned failure code: 0x80040111 (NS_ERROR_NOT_AVAILABLE) [nsICertOverrideService.setDisableAllSecurityChecksAndLetAttackersInterceptMyData]
!!! error running onStopped callback: TypeError: callback is not a function

###!!! [Parent][RunMessage] Error: Channel closing: too late to send/recv, messages will be lost

1648743499378	RemoteAgent	ERROR	unable to stop listener: [Exception... "Component returned failure code: 0x8000ffff (NS_ERROR_UNEXPECTED) [nsIWindowMediator.getEnumerator]"  nsresult: "0x8000ffff (NS_ERROR_UNEXPECTED)"  location: "JS frame :: chrome://remote/content/cdp/observers/TargetObserver.jsm :: stop :: line 64"  data: no] Stack trace: stop()@TargetObserver.jsm:64
unwatchForTabs()@TargetList.jsm:70
unwatchForTargets()@TargetList.jsm:37
destructor()@TargetList.jsm:109
stop()@CDP.jsm:104
close()@RemoteAgent.jsm:138
1648743576314	geckodriver	INFO	Listening on 127.0.0.1:52202
1648743580096	mozrunner::runner	INFO	Running command: "C:\\\\Users\\\\bezie\\\\Desktop\\\\Tor Browser\\\\Browser\\\\firefox.exe" "--marionette" "--remote-debugging-port" "52203" "-no-remote" "-profile" "C:\\Users\\bezie\\AppData\\Local\\Temp\\rust_mozprofileszJVyC"
console.log: "TorSettings: loadFromPrefs()"
console.log: "TorConnect: Init"
console.log: "TorConnect: observed profile-after-change"
console.log: "TorConnect: observing topic 'TorBootstrapStatus'"
console.log: "TorConnect: observing topic 'TorBootstrapError'"
console.log: "TorConnect: observing topic 'TorProcessExited'"
console.log: "TorConnect: observing topic 'TorLogHasWarnOrErr'"
console.log: "TorConnect: observing topic 'torsettings:ready'"
console.log: "TorSettings: observed profile-after-change"
1648743580371	Marionette	INFO	Marionette enabled
console.log: "TorConnect: will load after bootstrap => [about:blank]"
console.error: "Could not load engine blockchair-onion@search.mozilla.org: Error: Extension is invalid"
JavaScript error: resource://gre/modules/XULStore.jsm, line 66: Error: Can't find profile directory.
JavaScript error: resource://gre/modules/XPCOMUtils.jsm, line 161: TypeError: Cc[aContract] is undefined
DevTools listening on ws://localhost:52203/devtools/browser/950ad2c6-ff79-4087-a74c-f7ce1309c673
1648743581350	Marionette	INFO	Listening on port 52211
1648743581657	RemoteAgent	WARN	TLS certificate errors will be ignored for this session
1648743587108	Marionette	INFO	Stopped listening on port 52211
JavaScript error: resource:///modules/Interactions.jsm, line 209: NS_ERROR_FAILURE: Component returned failure code: 0x80004005 (NS_ERROR_FAILURE) [nsIUserIdleService.removeIdleObserver]

###!!! [Child][MessageChannel] Error: (msgtype=0x690023,name=PNecko::Msg_RemoveRequestContext) Channel closing: too late to send/recv, messages will be lost

[Parent 21064, IPC I/O Parent] WARNING: pipe error: 232: file /var/tmp/build/firefox-cc4c8eaff833/ipc/chromium/src/chrome/common/ipc_channel_win.cc:544
JavaScript error: chrome://remote/content/marionette/cert.js, line 55: NS_ERROR_NOT_AVAILABLE: Component returned failure code: 0x80040111 (NS_ERROR_NOT_AVAILABLE) [nsICertOverrideService.setDisableAllSecurityChecksAndLetAttackersInterceptMyData]
!!! error running onStopped callback: TypeError: callback is not a function
1648743587330	RemoteAgent	ERROR	unable to stop listener: [Exception... "Component returned failure code: 0x8000ffff (NS_ERROR_UNEXPECTED) [nsIWindowMediator.getEnumerator]"  nsresult: "0x8000ffff (NS_ERROR_UNEXPECTED)"  location: "JS frame :: chrome://remote/content/cdp/observers/TargetObserver.jsm :: stop :: line 64"  data: no] Stack trace: stop()@TargetObserver.jsm:64
unwatchForTabs()@TargetList.jsm:70
unwatchForTargets()@TargetList.jsm:37
destructor()@TargetList.jsm:109
stop()@CDP.jsm:104
close()@RemoteAgent.jsm:138
1648743930179	geckodriver	INFO	Listening on 127.0.0.1:52348
1648743933977	mozrunner::runner	INFO	Running command: "C:\\\\Users\\\\bezie\\\\Desktop\\\\Tor Browser\\\\Browser\\\\firefox.exe" "--marionette" "--remote-debugging-port" "52349" "-no-remote" "-profile" "C:\\Users\\bezie\\AppData\\Local\\Temp\\rust_mozprofilecgs9Go"
console.log: "TorSettings: loadFromPrefs()"
console.log: "TorConnect: Init"
console.log: "TorConnect: observed profile-after-change"
console.log: "TorConnect: observing topic 'TorBootstrapStatus'"
console.log: "TorConnect: observing topic 'TorBootstrapError'"
console.log: "TorConnect: observing topic 'TorProcessExited'"
console.log: "TorConnect: observing topic 'TorLogHasWarnOrErr'"
console.log: "TorConnect: observing topic 'torsettings:ready'"
console.log: "TorSettings: observed profile-after-change"
1648743934251	Marionette	INFO	Marionette enabled
console.log: "TorConnect: will load after bootstrap => [about:blank]"
console.error: "Could not load engine blockchair-onion@search.mozilla.org: Error: Extension is invalid"
JavaScript error: resource://gre/modules/XULStore.jsm, line 66: Error: Can't find profile directory.
JavaScript error: resource://gre/modules/XPCOMUtils.jsm, line 161: TypeError: Cc[aContract] is undefined
DevTools listening on ws://localhost:52349/devtools/browser/a6b194b8-cd3d-4e4c-a236-30a59f2b4422
1648743935281	Marionette	INFO	Listening on port 52354
1648743935509	RemoteAgent	WARN	TLS certificate errors will be ignored for this session
1648743938653	Marionette	INFO	Stopped listening on port 52354
JavaScript error: resource:///modules/Interactions.jsm, line 209: NS_ERROR_FAILURE: Component returned failure code: 0x80004005 (NS_ERROR_FAILURE) [nsIUserIdleService.removeIdleObserver]
!!! error running onStopped callback: TypeError: callback is not a function

###!!! [Parent][RunMessage] Error: Channel closing: too late to send/recv, messages will be lost

1648743938875	RemoteAgent	ERROR	unable to stop listener: [Exception... "Component returned failure code: 0x8000ffff (NS_ERROR_UNEXPECTED) [nsIWindowMediator.getEnumerator]"  nsresult: "0x8000ffff (NS_ERROR_UNEXPECTED)"  location: "JS frame :: chrome://remote/content/cdp/observers/TargetObserver.jsm :: stop :: line 64"  data: no] Stack trace: stop()@TargetObserver.jsm:64
unwatchForTabs()@TargetList.jsm:70
unwatchForTargets()@TargetList.jsm:37
destructor()@TargetList.jsm:109
stop()@CDP.jsm:104
close()@RemoteAgent.jsm:138
1648744127528	geckodriver	INFO	Listening on 127.0.0.1:52423
1648744131340	mozrunner::runner	INFO	Running command: "C:\\\\Users\\\\bezie\\\\Desktop\\\\Tor Browser\\\\Browser\\\\firefox.exe" "--marionette" "--remote-debugging-port" "52424" "-no-remote" "-profile" "C:\\Users\\bezie\\AppData\\Local\\Temp\\rust_mozprofileESbt8k"
console.log: "TorSettings: loadFromPrefs()"
console.log: "TorConnect: Init"
console.log: "TorConnect: observed profile-after-change"
console.log: "TorConnect: observing topic 'TorBootstrapStatus'"
console.log: "TorConnect: observing topic 'TorBootstrapError'"
console.log: "TorConnect: observing topic 'TorProcessExited'"
console.log: "TorConnect: observing topic 'TorLogHasWarnOrErr'"
console.log: "TorConnect: observing topic 'torsettings:ready'"
console.log: "TorSettings: observed profile-after-change"
1648744131610	Marionette	INFO	Marionette enabled
console.log: "TorConnect: will load after bootstrap => [about:blank]"
console.error: "Could not load engine blockchair-onion@search.mozilla.org: Error: Extension is invalid"
JavaScript error: resource://gre/modules/XULStore.jsm, line 66: Error: Can't find profile directory.
JavaScript error: resource://gre/modules/XPCOMUtils.jsm, line 161: TypeError: Cc[aContract] is undefined
DevTools listening on ws://localhost:52424/devtools/browser/1d2d906f-6d91-4582-8ee1-3360ee3b285b
1648744132614	Marionette	INFO	Listening on port 52429
1648744132886	RemoteAgent	WARN	TLS certificate errors will be ignored for this session
1648744136587	Marionette	INFO	Stopped listening on port 52429
JavaScript error: resource:///modules/Interactions.jsm, line 209: NS_ERROR_FAILURE: Component returned failure code: 0x80004005 (NS_ERROR_FAILURE) [nsIUserIdleService.removeIdleObserver]
JavaScript error: chrome://remote/content/marionette/cert.js, line 55: NS_ERROR_NOT_AVAILABLE: Component returned failure code: 0x80040111 (NS_ERROR_NOT_AVAILABLE) [nsICertOverrideService.setDisableAllSecurityChecksAndLetAttackersInterceptMyData]
!!! error running onStopped callback: TypeError: callback is not a function

###!!! [Parent][RunMessage] Error: Channel closing: too late to send/recv, messages will be lost

1648744136811	RemoteAgent	ERROR	unable to stop listener: [Exception... "Component returned failure code: 0x8000ffff (NS_ERROR_UNEXPECTED) [nsIWindowMediator.getEnumerator]"  nsresult: "0x8000ffff (NS_ERROR_UNEXPECTED)"  location: "JS frame :: chrome://remote/content/cdp/observers/TargetObserver.jsm :: stop :: line 64"  data: no] Stack trace: stop()@TargetObserver.jsm:64
unwatchForTabs()@TargetList.jsm:70
unwatchForTargets()@TargetList.jsm:37
destructor()@TargetList.jsm:109
stop()@CDP.jsm:104
close()@RemoteAgent.jsm:138
1648744150668	geckodriver	INFO	Listening on 127.0.0.1:52456
1648744154478	mozrunner::runner	INFO	Running command: "C:\\\\Users\\\\bezie\\\\Desktop\\\\Tor Browser\\\\Browser\\\\firefox.exe" "--marionette" "--remote-debugging-port" "52457" "-no-remote" "-profile" "C:\\Users\\bezie\\AppData\\Local\\Temp\\rust_mozprofileNhoTj5"
console.log: "TorSettings: loadFromPrefs()"
console.log: "TorConnect: Init"
console.log: "TorConnect: observed profile-after-change"
console.log: "TorConnect: observing topic 'TorBootstrapStatus'"
console.log: "TorConnect: observing topic 'TorBootstrapError'"
console.log: "TorConnect: observing topic 'TorProcessExited'"
console.log: "TorConnect: observing topic 'TorLogHasWarnOrErr'"
console.log: "TorConnect: observing topic 'torsettings:ready'"
console.log: "TorSettings: observed profile-after-change"
1648744154745	Marionette	INFO	Marionette enabled
console.log: "TorConnect: will load after bootstrap => [about:blank]"
console.error: "Could not load engine blockchair-onion@search.mozilla.org: Error: Extension is invalid"
JavaScript error: resource://gre/modules/XULStore.jsm, line 66: Error: Can't find profile directory.
JavaScript error: resource://gre/modules/XPCOMUtils.jsm, line 161: TypeError: Cc[aContract] is undefined
DevTools listening on ws://localhost:52457/devtools/browser/3357a021-24c3-4829-8d43-9eac7fc03d81
1648744155718	Marionette	INFO	Listening on port 52462
1648744156001	RemoteAgent	WARN	TLS certificate errors will be ignored for this session
1648744159599	Marionette	INFO	Stopped listening on port 52462
JavaScript error: resource:///modules/Interactions.jsm, line 209: NS_ERROR_FAILURE: Component returned failure code: 0x80004005 (NS_ERROR_FAILURE) [nsIUserIdleService.removeIdleObserver]
JavaScript error: chrome://remote/content/marionette/cert.js, line 55: NS_ERROR_NOT_AVAILABLE: Component returned failure code: 0x80040111 (NS_ERROR_NOT_AVAILABLE) [nsICertOverrideService.setDisableAllSecurityChecksAndLetAttackersInterceptMyData]
!!! error running onStopped callback: TypeError: callback is not a function

###!!! [Parent][RunMessage] Error: Channel closing: too late to send/recv, messages will be lost

1648744159831	RemoteAgent	ERROR	unable to stop listener: [Exception... "Component returned failure code: 0x8000ffff (NS_ERROR_UNEXPECTED) [nsIWindowMediator.getEnumerator]"  nsresult: "0x8000ffff (NS_ERROR_UNEXPECTED)"  location: "JS frame :: chrome://remote/content/cdp/observers/TargetObserver.jsm :: stop :: line 64"  data: no] Stack trace: stop()@TargetObserver.jsm:64
unwatchForTabs()@TargetList.jsm:70
unwatchForTargets()@TargetList.jsm:37
destructor()@TargetList.jsm:109
stop()@CDP.jsm:104
close()@RemoteAgent.jsm:138
